mode: set
github.com/edlitmus/halite/cmd/halite-api/main.go:31.13,32.22 1 0
github.com/edlitmus/halite/cmd/halite-api/main.go:32.22,35.3 2 0
github.com/edlitmus/halite/cmd/halite-api/main.go:36.2,36.20 1 0
github.com/edlitmus/halite/cmd/halite-api/main.go:37.36,38.48 1 0
github.com/edlitmus/halite/cmd/halite-api/main.go:39.30,40.19 1 0
github.com/edlitmus/halite/cmd/halite-api/main.go:41.34,42.109 1 0
github.com/edlitmus/halite/cmd/halite-api/main.go:43.10,45.13 2 0
github.com/edlitmus/halite/cmd/halite-hub/main.go:41.13,42.22 1 0
github.com/edlitmus/halite/cmd/halite-hub/main.go:42.22,45.3 2 0
github.com/edlitmus/halite/cmd/halite-hub/main.go:46.2,47.16 2 0
github.com/edlitmus/halite/cmd/halite-hub/main.go:47.16,49.3 1 0
github.com/edlitmus/halite/cmd/halite-hub/main.go:51.2,51.20 1 0
github.com/edlitmus/halite/cmd/halite-hub/main.go:52.36,53.48 1 0
github.com/edlitmus/halite/cmd/halite-hub/main.go:54.30,55.19 1 0
github.com/edlitmus/halite/cmd/halite-hub/main.go:56.17,57.28 1 0
github.com/edlitmus/halite/cmd/halite-hub/main.go:58.14,59.25 1 0
github.com/edlitmus/halite/cmd/halite-hub/main.go:60.81,62.102 1 0
github.com/edlitmus/halite/cmd/halite-hub/main.go:63.10,65.13 2 0
github.com/edlitmus/halite/cmd/halite-hub/main.go:72.37,73.31 1 0
github.com/edlitmus/halite/cmd/halite-hub/main.go:73.31,75.3 1 0
github.com/edlitmus/halite/cmd/halite-hub/main.go:77.2,78.58 2 0
github.com/edlitmus/halite/cmd/halite-hub/main.go:78.58,80.3 1 0
github.com/edlitmus/halite/cmd/halite-hub/main.go:82.2,91.16 2 0
github.com/edlitmus/halite/cmd/halite-hub/main.go:91.16,93.3 1 0
github.com/edlitmus/halite/cmd/halite-hub/main.go:95.2,96.46 2 0
github.com/edlitmus/halite/cmd/halite-hub/main.go:96.46,98.3 1 0
github.com/edlitmus/halite/cmd/halite-hub/main.go:98.8,99.17 1 0
github.com/edlitmus/halite/cmd/halite-hub/main.go:99.17,101.4 1 0
github.com/edlitmus/halite/cmd/halite-hub/main.go:102.3,104.74 3 0
github.com/edlitmus/halite/cmd/halite-hub/main.go:104.74,106.4 1 0
github.com/edlitmus/halite/cmd/halite-hub/main.go:109.2,110.42 2 0
github.com/edlitmus/halite/cmd/halite-hub/main.go:111.14,112.23 1 0
github.com/edlitmus/halite/cmd/halite-hub/main.go:112.23,114.4 1 0
github.com/edlitmus/halite/cmd/halite-hub/main.go:115.16,116.60 1 0
github.com/edlitmus/halite/cmd/halite-hub/main.go:116.60,118.4 1 0
github.com/edlitmus/halite/cmd/halite-hub/main.go:119.10,120.26 1 0
github.com/edlitmus/halite/cmd/halite-hub/main.go:120.26,122.4 1 0
github.com/edlitmus/halite/cmd/halite-hub/main.go:124.2,124.10 1 0
github.com/edlitmus/halite/cmd/halite-hub/main.go:128.34,129.31 1 0
github.com/edlitmus/halite/cmd/halite-hub/main.go:129.31,131.3 1 0
github.com/edlitmus/halite/cmd/halite-hub/main.go:132.2,137.16 2 0
github.com/edlitmus/halite/cmd/halite-hub/main.go:137.16,139.3 1 0
github.com/edlitmus/halite/cmd/halite-hub/main.go:141.2,142.39 2 0
github.com/edlitmus/halite/cmd/halite-hub/main.go:142.39,144.17 2 0
github.com/edlitmus/halite/cmd/halite-hub/main.go:144.17,147.12 3 0
github.com/edlitmus/halite/cmd/halite-hub/main.go:149.3,162.34 2 0
github.com/edlitmus/halite/cmd/halite-hub/main.go:162.34,165.4 2 0
github.com/edlitmus/halite/cmd/halite-hub/main.go:166.3,166.17 1 0
github.com/edlitmus/halite/cmd/halite-hub/main.go:166.17,169.12 3 0
github.com/edlitmus/halite/cmd/halite-hub/main.go:171.3,171.93 1 0
github.com/edlitmus/halite/cmd/halite-hub/main.go:173.2,173.18 1 0
github.com/edlitmus/halite/cmd/halite-hub/main.go:173.18,175.3 1 0
github.com/edlitmus/halite/cmd/halite-hub/main.go:176.2,176.10 1 0
github.com/edlitmus/halite/internal/buildpolicy/lexicon.go:30.26,43.24 3 1
github.com/edlitmus/halite/internal/buildpolicy/lexicon.go:43.24,48.3 2 1
github.com/edlitmus/halite/internal/buildpolicy/lexicon.go:49.2,49.12 1 1
github.com/edlitmus/halite/internal/buildpolicy/lexicon.go:60.34,63.2 1 0
github.com/edlitmus/halite/internal/buildpolicy/lexicon.go:93.32,95.32 2 1
github.com/edlitmus/halite/internal/buildpolicy/lexicon.go:95.32,96.32 1 1
github.com/edlitmus/halite/internal/buildpolicy/lexicon.go:96.32,97.33 1 1
github.com/edlitmus/halite/internal/buildpolicy/lexicon.go:97.33,99.5 1 1
github.com/edlitmus/halite/internal/buildpolicy/lexicon.go:100.4,100.12 1 1
github.com/edlitmus/halite/internal/buildpolicy/lexicon.go:102.3,102.15 1 1
github.com/edlitmus/halite/internal/buildpolicy/lexicon.go:102.15,104.4 1 1
github.com/edlitmus/halite/internal/buildpolicy/lexicon.go:106.2,106.14 1 1
github.com/edlitmus/halite/internal/buildpolicy/lexicon.go:119.43,121.82 2 1
github.com/edlitmus/halite/internal/buildpolicy/lexicon.go:121.82,122.17 1 1
github.com/edlitmus/halite/internal/buildpolicy/lexicon.go:122.17,124.4 1 0
github.com/edlitmus/halite/internal/buildpolicy/lexicon.go:125.3,126.20 2 1
github.com/edlitmus/halite/internal/buildpolicy/lexicon.go:126.20,128.4 1 0
github.com/edlitmus/halite/internal/buildpolicy/lexicon.go:129.3,129.19 1 1
github.com/edlitmus/halite/internal/buildpolicy/lexicon.go:129.19,130.45 1 1
github.com/edlitmus/halite/internal/buildpolicy/lexicon.go:130.45,132.5 1 1
github.com/edlitmus/halite/internal/buildpolicy/lexicon.go:133.4,133.14 1 1
github.com/edlitmus/halite/internal/buildpolicy/lexicon.go:135.3,135.20 1 1
github.com/edlitmus/halite/internal/buildpolicy/lexicon.go:135.20,137.4 1 1
github.com/edlitmus/halite/internal/buildpolicy/lexicon.go:138.3,138.62 1 1
github.com/edlitmus/halite/internal/buildpolicy/lexicon.go:138.62,140.4 1 1
github.com/edlitmus/halite/internal/buildpolicy/lexicon.go:141.3,142.17 2 1
github.com/edlitmus/halite/internal/buildpolicy/lexicon.go:142.17,144.4 1 0
github.com/edlitmus/halite/internal/buildpolicy/lexicon.go:145.3,146.13 2 1
github.com/edlitmus/halite/internal/buildpolicy/lexicon.go:148.2,148.22 1 1
github.com/edlitmus/halite/internal/buildpolicy/lexicon.go:151.52,153.16 2 1
github.com/edlitmus/halite/internal/buildpolicy/lexicon.go:153.16,155.3 1 0
github.com/edlitmus/halite/internal/buildpolicy/lexicon.go:156.2,162.16 6 1
github.com/edlitmus/halite/internal/buildpolicy/lexicon.go:162.16,165.49 3 1
github.com/edlitmus/halite/internal/buildpolicy/lexicon.go:165.49,166.12 1 1
github.com/edlitmus/halite/internal/buildpolicy/lexicon.go:168.3,168.30 1 1
github.com/edlitmus/halite/internal/buildpolicy/lexicon.go:168.30,169.38 1 1
github.com/edlitmus/halite/internal/buildpolicy/lexicon.go:169.38,171.5 1 1
github.com/edlitmus/halite/internal/buildpolicy/lexicon.go:174.2,174.27 1 1
github.com/edlitmus/halite/cmd/halite-node/commands.go:21.34,22.31 1 0
github.com/edlitmus/halite/cmd/halite-node/commands.go:22.31,24.3 1 0
github.com/edlitmus/halite/cmd/halite-node/commands.go:25.2,28.68 3 0
github.com/edlitmus/halite/cmd/halite-node/commands.go:28.68,30.3 1 0
github.com/edlitmus/halite/cmd/halite-node/commands.go:32.2,37.25 5 0
github.com/edlitmus/halite/cmd/halite-node/commands.go:37.25,39.3 1 0
github.com/edlitmus/halite/cmd/halite-node/commands.go:40.2,41.16 2 0
github.com/edlitmus/halite/cmd/halite-node/commands.go:41.16,43.3 1 0
github.com/edlitmus/halite/cmd/halite-node/commands.go:44.2,45.10 2 0
github.com/edlitmus/halite/cmd/halite-node/commands.go:49.35,50.31 1 0
github.com/edlitmus/halite/cmd/halite-node/commands.go:50.31,52.3 1 0
github.com/edlitmus/halite/cmd/halite-node/commands.go:53.2,53.72 1 0
github.com/edlitmus/halite/cmd/halite-node/commands.go:56.69,79.50 4 0
github.com/edlitmus/halite/cmd/halite-node/commands.go:79.50,80.22 1 0
github.com/edlitmus/halite/cmd/halite-node/commands.go:80.22,82.4 1 0
github.com/edlitmus/halite/cmd/halite-node/commands.go:83.3,83.36 1 0
github.com/edlitmus/halite/cmd/halite-node/commands.go:86.2,86.12 1 0
github.com/edlitmus/halite/cmd/halite-node/commands.go:87.35,90.35 3 0
github.com/edlitmus/halite/cmd/halite-node/commands.go:90.35,92.4 1 0
github.com/edlitmus/halite/cmd/halite-node/commands.go:93.3,93.32 1 0
github.com/edlitmus/halite/cmd/halite-node/commands.go:95.18,98.35 3 0
github.com/edlitmus/halite/cmd/halite-node/commands.go:98.35,100.4 1 0
github.com/edlitmus/halite/cmd/halite-node/commands.go:101.3,102.29 2 0
github.com/edlitmus/halite/cmd/halite-node/commands.go:102.29,104.4 1 0
github.com/edlitmus/halite/cmd/halite-node/commands.go:105.3,106.11 2 0
github.com/edlitmus/halite/cmd/halite-node/commands.go:108.36,111.35 3 0
github.com/edlitmus/halite/cmd/halite-node/commands.go:111.35,113.4 1 0
github.com/edlitmus/halite/cmd/halite-node/commands.go:114.3,115.11 2 0
github.com/edlitmus/halite/cmd/halite-node/commands.go:117.23,120.35 3 0
github.com/edlitmus/halite/cmd/halite-node/commands.go:120.35,122.4 1 0
github.com/edlitmus/halite/cmd/halite-node/commands.go:123.3,124.11 2 0
github.com/edlitmus/halite/cmd/halite-node/commands.go:126.21,129.35 3 0
github.com/edlitmus/halite/cmd/halite-node/commands.go:129.35,131.4 1 0
github.com/edlitmus/halite/cmd/halite-node/commands.go:132.3,134.30 3 0
github.com/edlitmus/halite/cmd/halite-node/commands.go:134.30,135.19 1 0
github.com/edlitmus/halite/cmd/halite-node/commands.go:135.19,136.13 1 0
github.com/edlitmus/halite/cmd/halite-node/commands.go:138.4,139.39 2 0
github.com/edlitmus/halite/cmd/halite-node/commands.go:141.3,142.11 2 0
github.com/edlitmus/halite/cmd/halite-node/commands.go:144.2,145.10 2 0
github.com/edlitmus/halite/cmd/halite-node/commands.go:149.71,159.18 4 0
github.com/edlitmus/halite/cmd/halite-node/commands.go:160.18,161.34 1 0
github.com/edlitmus/halite/cmd/halite-node/commands.go:162.17,162.17 0 0
github.com/edlitmus/halite/cmd/halite-node/commands.go:163.10,164.26 1 0
github.com/edlitmus/halite/cmd/halite-node/commands.go:166.2,166.25 1 0
github.com/edlitmus/halite/cmd/halite-node/commands.go:171.45,172.39 1 0
github.com/edlitmus/halite/cmd/halite-node/commands.go:172.39,174.3 1 0
github.com/edlitmus/halite/cmd/halite-node/commands.go:175.2,175.50 1 0
github.com/edlitmus/halite/cmd/halite-node/commands.go:175.50,177.3 1 0
github.com/edlitmus/halite/cmd/halite-node/commands.go:181.49,183.37 2 0
github.com/edlitmus/halite/cmd/halite-node/commands.go:183.37,185.29 2 0
github.com/edlitmus/halite/cmd/halite-node/commands.go:185.29,187.39 2 0
github.com/edlitmus/halite/cmd/halite-node/commands.go:187.39,189.5 1 0
github.com/edlitmus/halite/cmd/halite-node/commands.go:190.4,190.28 1 0
github.com/edlitmus/halite/cmd/halite-node/commands.go:192.3,194.23 3 0
github.com/edlitmus/halite/cmd/halite-node/commands.go:196.2,196.13 1 0
github.com/edlitmus/halite/cmd/halite-node/commands.go:201.43,203.29 2 0
github.com/edlitmus/halite/cmd/halite-node/commands.go:203.29,213.39 2 0
github.com/edlitmus/halite/cmd/halite-node/commands.go:213.39,214.40 1 0
github.com/edlitmus/halite/cmd/halite-node/commands.go:214.40,215.13 1 0
github.com/edlitmus/halite/cmd/halite-node/commands.go:217.4,217.23 1 0
github.com/edlitmus/halite/cmd/halite-node/commands.go:219.3,219.23 1 0
github.com/edlitmus/halite/cmd/halite-node/commands.go:219.23,221.32 2 0
github.com/edlitmus/halite/cmd/halite-node/commands.go:221.32,223.5 1 0
github.com/edlitmus/halite/cmd/halite-node/commands.go:224.4,224.33 1 0
github.com/edlitmus/halite/cmd/halite-node/commands.go:226.3,226.23 1 0
github.com/edlitmus/halite/cmd/halite-node/commands.go:228.2,228.12 1 0
github.com/edlitmus/halite/cmd/halite-node/commands.go:232.36,235.30 3 0
github.com/edlitmus/halite/cmd/halite-node/commands.go:235.30,237.3 1 0
github.com/edlitmus/halite/cmd/halite-node/commands.go:238.2,238.13 1 0
github.com/edlitmus/halite/cmd/halite-node/commands.go:239.15,240.41 1 0
github.com/edlitmus/halite/cmd/halite-node/commands.go:241.21,242.31 1 0
github.com/edlitmus/halite/cmd/halite-node/commands.go:242.31,244.4 1 0
github.com/edlitmus/halite/cmd/halite-node/commands.go:245.3,247.10 3 0
github.com/edlitmus/halite/cmd/halite-node/commands.go:247.10,249.4 1 0
github.com/edlitmus/halite/cmd/halite-node/commands.go:250.3,250.34 1 0
github.com/edlitmus/halite/cmd/halite-node/commands.go:251.20,253.43 2 0
github.com/edlitmus/halite/cmd/halite-node/commands.go:253.43,255.4 1 0
github.com/edlitmus/halite/cmd/halite-node/commands.go:256.3,256.38 1 0
github.com/edlitmus/halite/cmd/halite-node/commands.go:257.10,258.72 1 0
github.com/edlitmus/halite/cmd/halite-node/commands.go:260.2,260.10 1 0
github.com/edlitmus/halite/cmd/halite-node/commands.go:264.36,268.30 4 0
github.com/edlitmus/halite/cmd/halite-node/commands.go:268.30,270.3 1 0
github.com/edlitmus/halite/cmd/halite-node/commands.go:271.2,271.13 1 0
github.com/edlitmus/halite/cmd/halite-node/commands.go:272.15,273.34 1 0
github.com/edlitmus/halite/cmd/halite-node/commands.go:274.21,275.31 1 0
github.com/edlitmus/halite/cmd/halite-node/commands.go:275.31,277.4 1 0
github.com/edlitmus/halite/cmd/halite-node/commands.go:278.3,279.10 2 0
github.com/edlitmus/halite/cmd/halite-node/commands.go:279.10,281.4 1 0
github.com/edlitmus/halite/cmd/halite-node/commands.go:282.3,282.34 1 0
github.com/edlitmus/halite/cmd/halite-node/commands.go:283.10,284.67 1 0
github.com/edlitmus/halite/cmd/halite-node/commands.go:286.2,286.10 1 0
github.com/edlitmus/halite/cmd/halite-node/commands.go:291.34,292.31 1 0
github.com/edlitmus/halite/cmd/halite-node/commands.go:292.31,294.3 1 0
github.com/edlitmus/halite/cmd/halite-node/commands.go:295.2,299.39 4 0
github.com/edlitmus/halite/cmd/halite-node/commands.go:299.39,301.17 2 0
github.com/edlitmus/halite/cmd/halite-node/commands.go:301.17,304.12 3 0
github.com/edlitmus/halite/cmd/halite-node/commands.go:306.3,317.34 2 0
github.com/edlitmus/halite/cmd/halite-node/commands.go:317.34,320.4 2 0
github.com/edlitmus/halite/cmd/halite-node/commands.go:321.3,321.17 1 0
github.com/edlitmus/halite/cmd/halite-node/commands.go:321.17,324.12 3 0
github.com/edlitmus/halite/cmd/halite-node/commands.go:326.3,326.93 1 0
github.com/edlitmus/halite/cmd/halite-node/commands.go:328.2,328.18 1 0
github.com/edlitmus/halite/cmd/halite-node/commands.go:328.18,330.3 1 0
github.com/edlitmus/halite/cmd/halite-node/commands.go:331.2,331.10 1 0
github.com/edlitmus/halite/cmd/halite-node/main.go:64.13,65.22 1 0
github.com/edlitmus/halite/cmd/halite-node/main.go:65.22,68.3 2 0
github.com/edlitmus/halite/cmd/halite-node/main.go:69.2,71.16 3 0
github.com/edlitmus/halite/cmd/halite-node/main.go:71.16,73.3 1 0
github.com/edlitmus/halite/cmd/halite-node/main.go:75.2,75.13 1 0
github.com/edlitmus/halite/cmd/halite-node/main.go:76.36,77.49 1 0
github.com/edlitmus/halite/cmd/halite-node/main.go:78.30,79.19 1 0
github.com/edlitmus/halite/cmd/halite-node/main.go:80.14,81.25 1 0
github.com/edlitmus/halite/cmd/halite-node/main.go:82.15,83.26 1 0
github.com/edlitmus/halite/cmd/halite-node/main.go:84.16,85.27 1 0
github.com/edlitmus/halite/cmd/halite-node/main.go:86.16,87.27 1 0
github.com/edlitmus/halite/cmd/halite-node/main.go:88.14,89.25 1 0
github.com/edlitmus/halite/cmd/halite-node/main.go:90.24,92.81 1 0
github.com/edlitmus/halite/cmd/halite-node/main.go:93.10,95.13 2 0
github.com/edlitmus/halite/cmd/halite-node/main.go:115.34,122.16 3 0
github.com/edlitmus/halite/cmd/halite-node/main.go:122.16,124.3 1 0
github.com/edlitmus/halite/cmd/halite-node/main.go:125.2,125.33 1 0
github.com/edlitmus/halite/cmd/halite-node/main.go:125.33,127.3 1 0
github.com/edlitmus/halite/cmd/halite-node/main.go:129.2,130.16 2 0
github.com/edlitmus/halite/cmd/halite-node/main.go:130.16,132.3 1 0
github.com/edlitmus/halite/cmd/halite-node/main.go:134.2,143.89 2 0
github.com/edlitmus/halite/cmd/halite-node/main.go:143.89,145.3 1 0
github.com/edlitmus/halite/cmd/halite-node/main.go:147.2,156.29 3 0
github.com/edlitmus/halite/cmd/halite-node/main.go:156.29,158.3 1 0
github.com/edlitmus/halite/cmd/halite-node/main.go:159.2,165.10 4 0
github.com/edlitmus/halite/cmd/halite-node/main.go:170.63,171.41 1 0
github.com/edlitmus/halite/cmd/halite-node/main.go:171.41,173.3 1 0
github.com/edlitmus/halite/cmd/halite-node/main.go:174.2,174.47 1 0
github.com/edlitmus/halite/cmd/halite-node/main.go:174.47,176.3 1 0
github.com/edlitmus/halite/cmd/halite-node/main.go:177.2,177.49 1 0
github.com/edlitmus/halite/cmd/halite-node/main.go:177.49,179.3 1 0
github.com/edlitmus/halite/cmd/halite-node/main.go:180.2,180.62 1 0
github.com/edlitmus/halite/cmd/halite-node/main.go:180.62,181.51 1 0
github.com/edlitmus/halite/cmd/halite-node/main.go:181.51,183.4 1 0
github.com/edlitmus/halite/cmd/halite-node/main.go:185.2,186.16 2 0
github.com/edlitmus/halite/cmd/halite-node/main.go:186.16,188.3 1 0
github.com/edlitmus/halite/cmd/halite-node/main.go:189.2,189.13 1 0
github.com/edlitmus/halite/cmd/halite-node/main.go:194.121,195.53 1 0
github.com/edlitmus/halite/cmd/halite-node/main.go:195.53,197.3 1 0
github.com/edlitmus/halite/cmd/halite-node/main.go:198.2,198.55 1 0
github.com/edlitmus/halite/cmd/halite-node/main.go:198.55,200.3 1 0
github.com/edlitmus/halite/cmd/halite-node/main.go:203.2,204.29 2 0
github.com/edlitmus/halite/cmd/halite-node/main.go:204.29,205.58 1 0
github.com/edlitmus/halite/cmd/halite-node/main.go:205.58,207.4 1 0
github.com/edlitmus/halite/cmd/halite-node/main.go:209.2,209.23 1 0
github.com/edlitmus/halite/cmd/halite-node/main.go:209.23,211.3 1 0
github.com/edlitmus/halite/cmd/halite-node/main.go:212.2,212.42 1 0
github.com/edlitmus/halite/cmd/halite-node/main.go:217.57,219.13 2 0
github.com/edlitmus/halite/cmd/halite-node/main.go:219.13,221.3 1 0
github.com/edlitmus/halite/cmd/halite-node/main.go:222.2,223.45 2 0
github.com/edlitmus/halite/cmd/halite-node/main.go:223.45,224.44 1 0
github.com/edlitmus/halite/cmd/halite-node/main.go:224.44,226.4 1 0
github.com/edlitmus/halite/cmd/halite-node/main.go:228.2,228.12 1 0
github.com/edlitmus/halite/cmd/halite-node/main.go:231.31,235.2 3 0
github.com/edlitmus/halite/cmd/halite-node/main.go:238.43,255.33 4 0
github.com/edlitmus/halite/cmd/halite-node/main.go:255.33,257.3 1 0
github.com/edlitmus/halite/cmd/halite-node/main.go:258.2,258.34 1 0
github.com/edlitmus/halite/cmd/halite-node/main.go:258.34,260.3 1 0
github.com/edlitmus/halite/cmd/halite-node/main.go:261.2,261.19 1 0
github.com/edlitmus/halite/cmd/halite-node/main.go:265.52,278.32 1 0
github.com/edlitmus/halite/cmd/halite-node/main.go:278.32,279.43 1 0
github.com/edlitmus/halite/cmd/halite-node/main.go:279.43,281.5 1 0
github.com/edlitmus/halite/cmd/halite-node/main.go:289.86,291.2 1 0
github.com/edlitmus/halite/cmd/halite-node/main.go:293.43,293.67 1 0
github.com/edlitmus/halite/cmd/halite-node/main.go:296.24,296.84 1 0
github.com/edlitmus/halite/cmd/halite-node/main.go:298.27,299.68 1 0
github.com/edlitmus/halite/cmd/halite-node/main.go:299.68,301.3 1 0
github.com/edlitmus/halite/internal/render/render.go:138.34,139.17 1 1
github.com/edlitmus/halite/internal/render/render.go:139.17,141.3 1 0
github.com/edlitmus/halite/internal/render/render.go:142.2,142.66 1 1
github.com/edlitmus/halite/internal/render/render.go:148.51,149.35 1 1
github.com/edlitmus/halite/internal/render/render.go:149.35,151.3 1 1
github.com/edlitmus/halite/internal/render/render.go:152.2,154.47 3 1
github.com/edlitmus/halite/internal/render/render.go:154.47,156.3 1 1
github.com/edlitmus/halite/internal/render/render.go:157.2,158.16 2 1
github.com/edlitmus/halite/internal/render/render.go:158.16,160.3 1 1
github.com/edlitmus/halite/internal/render/render.go:161.2,162.48 2 1
github.com/edlitmus/halite/internal/render/render.go:162.48,163.44 1 1
github.com/edlitmus/halite/internal/render/render.go:163.44,165.4 1 1
github.com/edlitmus/halite/internal/render/render.go:167.2,167.22 1 1
github.com/edlitmus/halite/internal/render/render.go:167.22,169.3 1 0
github.com/edlitmus/halite/internal/render/render.go:174.2,174.28 1 1
github.com/edlitmus/halite/internal/render/render.go:178.55,185.31 5 1
github.com/edlitmus/halite/internal/render/render.go:185.31,187.13 2 1
github.com/edlitmus/halite/internal/render/render.go:187.13,189.4 1 1
github.com/edlitmus/halite/internal/render/render.go:190.3,190.23 1 1
github.com/edlitmus/halite/internal/render/render.go:191.20,192.99 1 1
github.com/edlitmus/halite/internal/render/render.go:193.16,194.148 1 0
github.com/edlitmus/halite/internal/render/render.go:197.3,197.16 1 1
github.com/edlitmus/halite/internal/render/render.go:198.16,200.18 2 1
github.com/edlitmus/halite/internal/render/render.go:200.18,202.5 1 1
github.com/edlitmus/halite/internal/render/render.go:203.4,204.24 2 1
github.com/edlitmus/halite/internal/render/render.go:206.15,209.18 3 1
github.com/edlitmus/halite/internal/render/render.go:209.18,211.5 1 1
github.com/edlitmus/halite/internal/render/render.go:212.4,213.19 2 1
github.com/edlitmus/halite/internal/render/render.go:215.15,218.18 3 1
github.com/edlitmus/halite/internal/render/render.go:218.18,220.5 1 0
github.com/edlitmus/halite/internal/render/render.go:221.4,222.19 2 1
github.com/edlitmus/halite/internal/render/render.go:224.15,227.19 3 1
github.com/edlitmus/halite/internal/render/render.go:229.11,230.99 1 0
github.com/edlitmus/halite/internal/render/render.go:234.2,236.17 3 0
github.com/edlitmus/halite/internal/render/render.go:239.83,241.33 2 1
github.com/edlitmus/halite/internal/render/render.go:241.33,243.3 1 0
github.com/edlitmus/halite/internal/render/render.go:244.2,249.58 5 1
github.com/edlitmus/halite/internal/render/render.go:249.58,254.30 2 0
github.com/edlitmus/halite/internal/render/render.go:254.30,256.4 1 0
github.com/edlitmus/halite/internal/render/render.go:259.2,261.16 3 1
github.com/edlitmus/halite/internal/render/render.go:261.16,263.3 1 0
github.com/edlitmus/halite/internal/render/render.go:264.2,266.16 3 1
github.com/edlitmus/halite/internal/render/render.go:266.16,268.3 1 1
github.com/edlitmus/halite/internal/render/render.go:269.2,269.18 1 1
github.com/edlitmus/halite/internal/render/render.go:273.48,275.19 2 1
github.com/edlitmus/halite/internal/render/render.go:275.19,277.3 1 1
github.com/edlitmus/halite/internal/render/render.go:278.2,279.19 2 1
github.com/edlitmus/halite/internal/render/render.go:279.19,281.3 1 1
github.com/edlitmus/halite/internal/render/render.go:282.2,283.19 2 1
github.com/edlitmus/halite/internal/render/render.go:283.19,285.3 1 1
github.com/edlitmus/halite/internal/render/render.go:287.2,289.19 3 1
github.com/edlitmus/halite/internal/render/render.go:289.19,291.3 1 1
github.com/edlitmus/halite/internal/render/render.go:293.2,322.22 2 1
github.com/edlitmus/halite/internal/render/render.go:322.22,324.3 1 0
github.com/edlitmus/halite/internal/render/render.go:325.2,325.31 1 1
github.com/edlitmus/halite/internal/render/render.go:325.31,327.3 1 1
github.com/edlitmus/halite/internal/render/render.go:328.2,328.12 1 1
github.com/edlitmus/halite/internal/render/render.go:331.95,334.28 3 1
github.com/edlitmus/halite/internal/render/render.go:334.28,336.3 1 0
github.com/edlitmus/halite/internal/render/render.go:337.2,340.26 3 1
github.com/edlitmus/halite/internal/render/render.go:340.26,342.3 1 1
github.com/edlitmus/halite/internal/render/render.go:343.2,343.16 1 1
github.com/edlitmus/halite/internal/render/render.go:343.16,345.3 1 1
github.com/edlitmus/halite/internal/render/render.go:346.2,346.15 1 1
github.com/edlitmus/halite/internal/render/render.go:352.92,354.28 2 1
github.com/edlitmus/halite/internal/render/render.go:354.28,356.3 1 0
github.com/edlitmus/halite/internal/render/render.go:357.2,358.12 2 1
github.com/edlitmus/halite/internal/render/render.go:358.12,360.3 1 0
github.com/edlitmus/halite/internal/render/render.go:361.2,370.3 2 1
github.com/edlitmus/halite/internal/render/render.go:373.87,375.21 2 1
github.com/edlitmus/halite/internal/render/render.go:375.21,377.3 1 0
github.com/edlitmus/halite/internal/render/render.go:378.2,378.55 1 1
github.com/edlitmus/halite/internal/render/render.go:378.55,380.3 1 1
github.com/edlitmus/halite/internal/render/render.go:381.2,381.12 1 1
github.com/edlitmus/halite/internal/render/render.go:396.32,399.26 3 1
github.com/edlitmus/halite/internal/render/render.go:399.26,401.3 1 1
github.com/edlitmus/halite/internal/render/render.go:402.2,402.19 1 1
github.com/edlitmus/halite/internal/render/render.go:405.32,405.50 1 0
github.com/edlitmus/halite/internal/render/render.go:407.38,408.12 1 1
github.com/edlitmus/halite/internal/render/render.go:408.12,410.3 1 0
github.com/edlitmus/halite/internal/render/render.go:411.2,411.46 1 1
github.com/edlitmus/halite/internal/render/render.go:411.46,412.15 1 1
github.com/edlitmus/halite/internal/render/render.go:412.15,414.4 1 1
github.com/edlitmus/halite/internal/render/render.go:416.2,416.11 1 0
github.com/edlitmus/halite/internal/render/render.go:419.55,421.16 2 1
github.com/edlitmus/halite/internal/render/render.go:421.16,423.3 1 0
github.com/edlitmus/halite/internal/render/render.go:424.2,424.15 1 1
github.com/edlitmus/halite/internal/config/config.go:28.31,29.11 1 1
github.com/edlitmus/halite/internal/config/config.go:30.11,31.15 1 1
github.com/edlitmus/halite/internal/config/config.go:32.11,33.15 1 0
github.com/edlitmus/halite/internal/config/config.go:34.10,35.16 1 1
github.com/edlitmus/halite/internal/config/config.go:40.33,40.64 1 1
github.com/edlitmus/halite/internal/config/config.go:43.34,43.62 1 1
github.com/edlitmus/halite/internal/config/config.go:82.57,84.16 2 1
github.com/edlitmus/halite/internal/config/config.go:84.16,86.3 1 1
github.com/edlitmus/halite/internal/config/config.go:87.2,88.16 2 1
github.com/edlitmus/halite/internal/config/config.go:88.16,90.3 1 1
github.com/edlitmus/halite/internal/config/config.go:91.2,92.18 2 1
github.com/edlitmus/halite/internal/config/config.go:92.18,94.3 1 1
github.com/edlitmus/halite/internal/config/config.go:96.2,99.16 3 1
github.com/edlitmus/halite/internal/config/config.go:99.16,101.3 1 1
github.com/edlitmus/halite/internal/config/config.go:102.2,102.19 1 1
github.com/edlitmus/halite/internal/config/config.go:102.19,104.3 1 1
github.com/edlitmus/halite/internal/config/config.go:104.8,106.3 1 1
github.com/edlitmus/halite/internal/config/config.go:108.2,109.16 2 1
github.com/edlitmus/halite/internal/config/config.go:109.16,111.3 1 0
github.com/edlitmus/halite/internal/config/config.go:112.2,112.30 1 1
github.com/edlitmus/halite/internal/config/config.go:112.30,114.17 2 1
github.com/edlitmus/halite/internal/config/config.go:114.17,116.4 1 0
github.com/edlitmus/halite/internal/config/config.go:117.3,117.15 1 1
github.com/edlitmus/halite/internal/config/config.go:117.15,118.12 1 0
github.com/edlitmus/halite/internal/config/config.go:120.3,121.89 2 1
github.com/edlitmus/halite/internal/config/config.go:124.2,124.55 1 1
github.com/edlitmus/halite/internal/config/config.go:124.55,126.3 1 1
github.com/edlitmus/halite/internal/config/config.go:128.2,128.56 1 1
github.com/edlitmus/halite/internal/config/config.go:128.56,128.86 1 1
github.com/edlitmus/halite/internal/config/config.go:129.2,132.34 4 1
github.com/edlitmus/halite/internal/config/config.go:132.34,134.3 1 1
github.com/edlitmus/halite/internal/config/config.go:135.2,135.17 1 1
github.com/edlitmus/halite/internal/config/config.go:138.67,140.16 2 1
github.com/edlitmus/halite/internal/config/config.go:140.16,141.41 1 1
github.com/edlitmus/halite/internal/config/config.go:141.41,143.4 1 1
github.com/edlitmus/halite/internal/config/config.go:144.3,144.54 1 1
github.com/edlitmus/halite/internal/config/config.go:146.2,147.16 2 1
github.com/edlitmus/halite/internal/config/config.go:147.16,149.3 1 0
github.com/edlitmus/halite/internal/config/config.go:150.2,150.14 1 1
github.com/edlitmus/halite/internal/config/config.go:150.14,152.3 1 0
github.com/edlitmus/halite/internal/config/config.go:153.2,154.9 2 1
github.com/edlitmus/halite/internal/config/config.go:154.9,156.3 1 0
github.com/edlitmus/halite/internal/config/config.go:157.2,157.15 1 1
github.com/edlitmus/halite/internal/config/config.go:160.48,162.16 2 1
github.com/edlitmus/halite/internal/config/config.go:162.16,163.25 1 1
github.com/edlitmus/halite/internal/config/config.go:163.25,165.4 1 1
github.com/edlitmus/halite/internal/config/config.go:166.3,166.53 1 0
github.com/edlitmus/halite/internal/config/config.go:168.2,169.28 2 1
github.com/edlitmus/halite/internal/config/config.go:169.28,170.16 1 1
github.com/edlitmus/halite/internal/config/config.go:170.16,171.12 1 0
github.com/edlitmus/halite/internal/config/config.go:173.3,174.113 2 1
github.com/edlitmus/halite/internal/config/config.go:174.113,175.12 1 0
github.com/edlitmus/halite/internal/config/config.go:177.3,177.46 1 1
github.com/edlitmus/halite/internal/config/config.go:179.2,180.17 2 1
github.com/edlitmus/halite/internal/config/config.go:188.62,193.2 1 0
github.com/edlitmus/halite/internal/config/config.go:198.47,200.2 1 1
github.com/edlitmus/halite/internal/config/config.go:203.50,205.21 2 1
github.com/edlitmus/halite/internal/config/config.go:205.21,207.3 1 0
github.com/edlitmus/halite/internal/config/config.go:208.2,208.29 1 1
github.com/edlitmus/halite/internal/config/config.go:208.29,210.3 1 1
github.com/edlitmus/halite/internal/config/config.go:211.2,211.12 1 0
github.com/edlitmus/halite/internal/config/config.go:215.51,217.21 2 1
github.com/edlitmus/halite/internal/config/config.go:217.21,219.3 1 0
github.com/edlitmus/halite/internal/config/config.go:220.2,220.23 1 1
github.com/edlitmus/halite/internal/config/config.go:221.12,222.11 1 1
github.com/edlitmus/halite/internal/config/config.go:223.14,224.49 1 0
github.com/edlitmus/halite/internal/config/config.go:224.49,226.4 1 0
github.com/edlitmus/halite/internal/config/config.go:228.2,228.12 1 0
github.com/edlitmus/halite/internal/config/config.go:232.52,234.21 2 1
github.com/edlitmus/halite/internal/config/config.go:234.21,236.3 1 0
github.com/edlitmus/halite/internal/config/config.go:237.2,237.23 1 1
github.com/edlitmus/halite/internal/config/config.go:238.13,239.11 1 1
github.com/edlitmus/halite/internal/config/config.go:240.15,241.18 1 0
github.com/edlitmus/halite/internal/config/config.go:242.14,243.56 1 0
github.com/edlitmus/halite/internal/config/config.go:243.56,245.4 1 0
github.com/edlitmus/halite/internal/config/config.go:247.2,247.12 1 0
github.com/edlitmus/halite/internal/config/config.go:252.73,254.21 2 1
github.com/edlitmus/halite/internal/config/config.go:254.21,256.3 1 0
github.com/edlitmus/halite/internal/config/config.go:257.2,257.23 1 1
github.com/edlitmus/halite/internal/config/config.go:258.14,259.50 1 1
github.com/edlitmus/halite/internal/config/config.go:259.50,261.4 1 1
github.com/edlitmus/halite/internal/config/config.go:262.13,263.40 1 1
github.com/edlitmus/halite/internal/config/config.go:264.15,265.49 1 0
github.com/edlitmus/halite/internal/config/config.go:267.2,267.12 1 0
github.com/edlitmus/halite/internal/config/config.go:272.52,274.21 2 1
github.com/edlitmus/halite/internal/config/config.go:274.21,276.3 1 0
github.com/edlitmus/halite/internal/config/config.go:277.2,277.23 1 1
github.com/edlitmus/halite/internal/config/config.go:278.14,279.21 1 0
github.com/edlitmus/halite/internal/config/config.go:280.13,282.26 2 1
github.com/edlitmus/halite/internal/config/config.go:282.26,283.34 1 1
github.com/edlitmus/halite/internal/config/config.go:283.34,285.13 2 1
github.com/edlitmus/halite/internal/config/config.go:287.4,287.44 1 0
github.com/edlitmus/halite/internal/config/config.go:289.3,289.13 1 1
github.com/edlitmus/halite/internal/config/config.go:291.2,291.12 1 0
github.com/edlitmus/halite/internal/config/config.go:295.46,297.9 2 1
github.com/edlitmus/halite/internal/config/config.go:297.9,299.3 1 0
github.com/edlitmus/halite/internal/config/config.go:300.2,301.10 2 1
github.com/edlitmus/halite/internal/config/config.go:306.57,308.14 2 1
github.com/edlitmus/halite/internal/config/config.go:308.14,310.3 1 0
github.com/edlitmus/halite/internal/config/config.go:311.2,312.32 2 1
github.com/edlitmus/halite/internal/config/config.go:312.32,314.28 2 1
github.com/edlitmus/halite/internal/config/config.go:315.15,316.26 1 0
github.com/edlitmus/halite/internal/config/config.go:317.14,319.27 2 1
github.com/edlitmus/halite/internal/config/config.go:319.27,320.35 1 1
github.com/edlitmus/halite/internal/config/config.go:320.35,322.6 1 1
github.com/edlitmus/halite/internal/config/config.go:324.4,324.19 1 1
github.com/edlitmus/halite/internal/config/config.go:327.2,327.12 1 1
github.com/edlitmus/halite/internal/config/config.go:333.40,335.2 1 1
github.com/edlitmus/halite/internal/config/config.go:344.38,345.32 1 1
github.com/edlitmus/halite/internal/config/config.go:345.32,347.23 2 1
github.com/edlitmus/halite/internal/config/config.go:347.23,349.12 2 1
github.com/edlitmus/halite/internal/config/config.go:351.3,351.40 1 1
github.com/edlitmus/halite/internal/config/config.go:351.40,353.4 1 1
github.com/edlitmus/halite/internal/config/config.go:355.2,355.10 1 1
github.com/edlitmus/halite/internal/config/config.go:358.35,359.38 1 1
github.com/edlitmus/halite/internal/config/config.go:359.38,360.34 1 1
github.com/edlitmus/halite/internal/config/config.go:360.34,362.4 1 1
github.com/edlitmus/halite/internal/config/config.go:365.2,365.46 1 1
github.com/edlitmus/halite/internal/config/keys.go:20.37,21.31 1 0
github.com/edlitmus/halite/internal/config/keys.go:21.31,22.16 1 0
github.com/edlitmus/halite/internal/config/keys.go:22.16,24.4 1 0
github.com/edlitmus/halite/internal/config/keys.go:26.2,26.14 1 0
github.com/edlitmus/halite/internal/config/keys.go:153.41,155.25 2 1
github.com/edlitmus/halite/internal/config/keys.go:155.25,157.3 1 1
github.com/edlitmus/halite/internal/config/keys.go:158.2,158.10 1 1
github.com/edlitmus/halite/internal/config/keys.go:162.46,164.9 2 1
github.com/edlitmus/halite/internal/config/keys.go:164.9,166.3 1 1
github.com/edlitmus/halite/internal/config/keys.go:167.2,167.26 1 1
github.com/edlitmus/halite/internal/config/keys.go:167.26,168.16 1 1
github.com/edlitmus/halite/internal/config/keys.go:168.16,170.4 1 1
github.com/edlitmus/halite/internal/config/keys.go:172.2,172.14 1 1
github.com/edlitmus/halite/internal/config/keys.go:177.31,179.25 2 0
github.com/edlitmus/halite/internal/config/keys.go:179.25,180.24 1 0
github.com/edlitmus/halite/internal/config/keys.go:180.24,182.4 1 0
github.com/edlitmus/halite/internal/config/keys.go:184.2,184.38 1 0
github.com/edlitmus/halite/internal/config/keys.go:184.38,184.74 1 0
github.com/edlitmus/halite/internal/config/keys.go:185.2,185.12 1 0
github.com/edlitmus/halite/internal/config/shim.go:129.25,132.38 3 1
github.com/edlitmus/halite/internal/config/shim.go:132.38,132.74 1 1
github.com/edlitmus/halite/internal/config/shim.go:133.2,133.12 1 1
github.com/edlitmus/halite/internal/config/shim.go:137.27,140.38 3 0
github.com/edlitmus/halite/internal/config/shim.go:140.38,140.74 1 0
github.com/edlitmus/halite/internal/config/shim.go:141.2,141.12 1 0
github.com/edlitmus/halite/internal/config/shim.go:144.44,146.28 2 1
github.com/edlitmus/halite/internal/config/shim.go:146.28,148.3 1 1
github.com/edlitmus/halite/internal/config/shim.go:149.2,149.10 1 1
github.com/edlitmus/halite/internal/config/shim.go:152.46,154.29 2 1
github.com/edlitmus/halite/internal/config/shim.go:154.29,156.3 1 1
github.com/edlitmus/halite/internal/config/shim.go:157.2,157.10 1 1
github.com/edlitmus/halite/internal/config/shim.go:172.41,174.33 2 1
github.com/edlitmus/halite/internal/config/shim.go:174.33,177.19 2 1
github.com/edlitmus/halite/internal/config/shim.go:177.19,179.4 1 1
github.com/edlitmus/halite/internal/config/shim.go:180.3,180.25 1 1
github.com/edlitmus/halite/internal/config/shim.go:182.2,182.30 1 1
github.com/edlitmus/halite/internal/config/shim.go:182.30,184.3 1 1
github.com/edlitmus/halite/internal/config/shim.go:185.2,185.12 1 1
github.com/edlitmus/halite/internal/config/shim.go:191.33,192.25 1 1
github.com/edlitmus/halite/internal/config/shim.go:192.25,194.3 1 1
github.com/edlitmus/halite/internal/config/shim.go:195.2,197.30 3 1
github.com/edlitmus/halite/internal/config/shim.go:197.30,199.3 1 1
github.com/edlitmus/halite/internal/config/shim.go:200.2,200.37 1 1
github.com/edlitmus/halite/internal/config/shim.go:211.81,216.33 4 1
github.com/edlitmus/halite/internal/config/shim.go:216.33,218.10 2 1
github.com/edlitmus/halite/internal/config/shim.go:218.10,220.12 2 0
github.com/edlitmus/halite/internal/config/shim.go:223.3,223.47 1 1
github.com/edlitmus/halite/internal/config/shim.go:223.47,225.12 2 1
github.com/edlitmus/halite/internal/config/shim.go:231.3,231.33 1 1
github.com/edlitmus/halite/internal/config/shim.go:231.33,233.12 2 1
github.com/edlitmus/halite/internal/config/shim.go:236.3,237.15 2 1
github.com/edlitmus/halite/internal/config/shim.go:237.15,240.12 3 1
github.com/edlitmus/halite/internal/config/shim.go:242.3,242.25 1 1
github.com/edlitmus/halite/internal/config/shim.go:242.25,244.12 2 0
github.com/edlitmus/halite/internal/config/shim.go:247.3,248.27 2 1
github.com/edlitmus/halite/internal/config/shim.go:248.27,250.12 2 1
github.com/edlitmus/halite/internal/config/shim.go:252.3,252.24 1 1
github.com/edlitmus/halite/internal/config/shim.go:252.24,255.12 1 0
github.com/edlitmus/halite/internal/config/shim.go:257.3,257.49 1 1
github.com/edlitmus/halite/internal/config/shim.go:260.2,260.22 1 1
github.com/edlitmus/halite/internal/config/shim.go:260.22,262.3 1 1
github.com/edlitmus/halite/internal/config/shim.go:263.2,263.17 1 1
github.com/edlitmus/halite/internal/signature/signature.go:48.31,49.31 1 1
github.com/edlitmus/halite/internal/signature/signature.go:49.31,51.3 1 1
github.com/edlitmus/halite/internal/signature/signature.go:52.2,52.18 1 0
github.com/edlitmus/halite/internal/signature/signature.go:70.35,71.11 1 1
github.com/edlitmus/halite/internal/signature/signature.go:72.22,73.22 1 0
github.com/edlitmus/halite/internal/signature/signature.go:74.25,75.26 1 0
github.com/edlitmus/halite/internal/signature/signature.go:76.10,77.20 1 1
github.com/edlitmus/halite/internal/signature/signature.go:127.34,127.72 1 1
github.com/edlitmus/halite/internal/signature/signature.go:130.53,131.29 1 1
github.com/edlitmus/halite/internal/signature/signature.go:131.29,132.21 1 1
github.com/edlitmus/halite/internal/signature/signature.go:132.21,134.4 1 1
github.com/edlitmus/halite/internal/signature/signature.go:136.2,136.23 1 1
github.com/edlitmus/halite/internal/signature/signature.go:145.30,145.82 1 1
github.com/edlitmus/halite/internal/signature/signature.go:148.43,149.25 1 1
github.com/edlitmus/halite/internal/signature/signature.go:149.25,151.3 1 1
github.com/edlitmus/halite/internal/signature/signature.go:155.58,158.2 2 1
github.com/edlitmus/halite/internal/signature/signature.go:161.42,161.80 2 1
github.com/edlitmus/halite/internal/signature/signature.go:164.37,166.26 2 1
github.com/edlitmus/halite/internal/signature/signature.go:166.26,168.3 1 1
github.com/edlitmus/halite/internal/signature/signature.go:169.2,170.12 2 1
github.com/edlitmus/halite/internal/signature/signature.go:174.39,176.29 2 1
github.com/edlitmus/halite/internal/signature/signature.go:176.29,178.3 1 1
github.com/edlitmus/halite/internal/signature/signature.go:179.2,180.22 2 1
github.com/edlitmus/halite/internal/signature/signature.go:180.22,182.3 1 1
github.com/edlitmus/halite/internal/signature/signature.go:183.2,184.12 2 1
github.com/edlitmus/halite/internal/signature/signature.go:188.57,190.29 2 1
github.com/edlitmus/halite/internal/signature/signature.go:190.29,191.25 1 1
github.com/edlitmus/halite/internal/signature/signature.go:191.25,193.4 1 1
github.com/edlitmus/halite/internal/signature/signature.go:195.2,195.38 1 1
github.com/edlitmus/halite/internal/signature/signature.go:195.38,195.82 1 1
github.com/edlitmus/halite/internal/signature/signature.go:196.2,196.12 1 1
github.com/edlitmus/halite/internal/signature/signature.go:206.35,207.19 1 1
github.com/edlitmus/halite/internal/signature/signature.go:207.19,209.3 1 1
github.com/edlitmus/halite/internal/signature/signature.go:210.2,210.71 1 1
github.com/edlitmus/halite/internal/signature/signature.go:219.78,224.29 4 1
github.com/edlitmus/halite/internal/signature/signature.go:224.29,225.21 1 1
github.com/edlitmus/halite/internal/signature/signature.go:225.21,227.4 1 1
github.com/edlitmus/halite/internal/signature/signature.go:230.2,231.25 2 1
github.com/edlitmus/halite/internal/signature/signature.go:231.25,232.27 1 1
github.com/edlitmus/halite/internal/signature/signature.go:232.27,234.46 2 1
github.com/edlitmus/halite/internal/signature/signature.go:234.46,236.13 2 1
github.com/edlitmus/halite/internal/signature/signature.go:238.4,242.9 2 1
github.com/edlitmus/halite/internal/signature/signature.go:244.3,245.17 2 1
github.com/edlitmus/halite/internal/signature/signature.go:245.17,247.12 2 1
github.com/edlitmus/halite/internal/signature/signature.go:249.3,250.17 2 1
github.com/edlitmus/halite/internal/signature/signature.go:250.17,252.12 2 0
github.com/edlitmus/halite/internal/signature/signature.go:254.3,255.22 2 1
github.com/edlitmus/halite/internal/signature/signature.go:258.2,258.19 1 1
github.com/edlitmus/halite/internal/signature/signature.go:258.19,259.38 1 1
github.com/edlitmus/halite/internal/signature/signature.go:259.38,262.11 3 1
github.com/edlitmus/halite/internal/signature/signature.go:262.11,267.13 2 1
github.com/edlitmus/halite/internal/signature/signature.go:269.4,269.18 1 1
github.com/edlitmus/halite/internal/signature/signature.go:269.18,274.13 2 1
github.com/edlitmus/halite/internal/signature/signature.go:276.4,277.18 2 1
github.com/edlitmus/halite/internal/signature/signature.go:277.18,279.13 2 1
github.com/edlitmus/halite/internal/signature/signature.go:281.4,282.21 2 1
github.com/edlitmus/halite/internal/signature/signature.go:286.2,286.29 1 1
github.com/edlitmus/halite/internal/signature/signature.go:286.29,287.38 1 1
github.com/edlitmus/halite/internal/signature/signature.go:287.38,288.12 1 1
github.com/edlitmus/halite/internal/signature/signature.go:290.3,290.17 1 1
github.com/edlitmus/halite/internal/signature/signature.go:290.17,294.12 2 1
github.com/edlitmus/halite/internal/signature/signature.go:296.3,296.23 1 1
github.com/edlitmus/halite/internal/signature/signature.go:296.23,298.4 1 1
github.com/edlitmus/halite/internal/signature/signature.go:301.2,301.18 1 1
github.com/edlitmus/halite/internal/signature/signature.go:304.57,308.2 3 1
github.com/edlitmus/halite/internal/signature/signature.go:316.55,317.34 1 1
github.com/edlitmus/halite/internal/signature/signature.go:317.34,322.3 1 1
github.com/edlitmus/halite/internal/signature/signature.go:323.2,323.14 1 1
github.com/edlitmus/halite/internal/signature/signature.go:323.14,325.3 1 0
github.com/edlitmus/halite/internal/signature/signature.go:327.2,327.16 1 1
github.com/edlitmus/halite/internal/signature/signature.go:328.11,329.16 1 1
github.com/edlitmus/halite/internal/signature/signature.go:331.20,332.32 1 1
github.com/edlitmus/halite/internal/signature/signature.go:332.32,333.55 1 1
github.com/edlitmus/halite/internal/signature/signature.go:333.55,338.5 1 1
github.com/edlitmus/halite/internal/signature/signature.go:339.4,339.19 1 1
github.com/edlitmus/halite/internal/signature/signature.go:341.3,341.31 1 0
github.com/edlitmus/halite/internal/signature/signature.go:343.12,347.32 1 1
github.com/edlitmus/halite/internal/signature/signature.go:347.32,349.4 1 1
github.com/edlitmus/halite/internal/signature/signature.go:350.3,350.29 1 1
github.com/edlitmus/halite/internal/signature/signature.go:350.29,355.4 1 1
github.com/edlitmus/halite/internal/signature/signature.go:356.3,356.56 1 0
github.com/edlitmus/halite/internal/signature/signature.go:358.11,359.24 1 0
github.com/edlitmus/halite/internal/signature/signature.go:360.14,361.17 1 0
github.com/edlitmus/halite/internal/signature/signature.go:362.16,363.30 1 0
github.com/edlitmus/halite/internal/signature/signature.go:363.30,365.5 1 0
github.com/edlitmus/halite/internal/signature/signature.go:367.3,367.33 1 0
github.com/edlitmus/halite/internal/signature/signature.go:369.13,370.24 1 0
github.com/edlitmus/halite/internal/signature/signature.go:371.16,372.17 1 0
github.com/edlitmus/halite/internal/signature/signature.go:373.14,374.26 1 0
github.com/edlitmus/halite/internal/signature/signature.go:376.3,376.31 1 0
github.com/edlitmus/halite/internal/signature/signature.go:378.12,379.28 1 1
github.com/edlitmus/halite/internal/signature/signature.go:379.28,381.4 1 1
github.com/edlitmus/halite/internal/signature/signature.go:382.3,382.32 1 1
github.com/edlitmus/halite/internal/signature/signature.go:384.12,385.29 1 1
github.com/edlitmus/halite/internal/signature/signature.go:385.29,387.4 1 0
github.com/edlitmus/halite/internal/signature/signature.go:390.3,390.23 1 1
github.com/edlitmus/halite/internal/signature/signature.go:392.11,393.34 1 0
github.com/edlitmus/halite/internal/signature/signature.go:393.34,395.4 1 0
github.com/edlitmus/halite/internal/signature/signature.go:396.3,396.32 1 0
github.com/edlitmus/halite/internal/signature/signature.go:398.16,399.19 1 0
github.com/edlitmus/halite/internal/signature/signature.go:400.31,401.17 1 0
github.com/edlitmus/halite/internal/signature/signature.go:403.3,403.33 1 0
github.com/edlitmus/halite/internal/signature/signature.go:405.2,405.15 1 0
github.com/edlitmus/halite/internal/signature/signature.go:408.43,409.23 1 1
github.com/edlitmus/halite/internal/signature/signature.go:409.23,410.13 1 1
github.com/edlitmus/halite/internal/signature/signature.go:410.13,412.4 1 0
github.com/edlitmus/halite/internal/signature/signature.go:414.2,414.14 1 1
github.com/edlitmus/halite/internal/signature/signature.go:418.38,422.29 4 1
github.com/edlitmus/halite/internal/signature/signature.go:422.29,423.12 1 1
github.com/edlitmus/halite/internal/signature/signature.go:423.12,425.4 1 0
github.com/edlitmus/halite/internal/signature/signature.go:426.3,426.17 1 1
github.com/edlitmus/halite/internal/signature/signature.go:426.17,428.4 1 0
github.com/edlitmus/halite/internal/signature/signature.go:429.3,432.38 4 1
github.com/edlitmus/halite/internal/signature/signature.go:432.38,434.4 1 0
github.com/edlitmus/halite/internal/signature/signature.go:436.2,437.17 2 1
github.com/edlitmus/halite/internal/signature/signature.go:437.17,440.3 2 1
github.com/edlitmus/halite/internal/signature/signature.go:441.2,442.15 2 1
github.com/edlitmus/halite/internal/signature/signature.go:442.15,444.3 1 1
github.com/edlitmus/halite/internal/signature/signature.go:445.2,445.21 1 1
github.com/edlitmus/halite/internal/signature/signature.go:445.21,447.3 1 1
github.com/edlitmus/halite/internal/signature/signature.go:448.2,448.34 1 1
github.com/edlitmus/halite/internal/signature/signature.go:448.34,450.3 1 1
github.com/edlitmus/halite/internal/signature/signature.go:451.2,451.26 1 1
github.com/edlitmus/halite/internal/signature/signature.go:451.26,453.3 1 0
github.com/edlitmus/halite/internal/signature/signature.go:454.2,454.27 1 1
github.com/edlitmus/halite/internal/signature/signature.go:454.27,456.3 1 1
github.com/edlitmus/halite/internal/signature/signature.go:457.2,457.26 1 1
github.com/edlitmus/halite/internal/signature/signature.go:457.26,460.3 2 1
github.com/edlitmus/halite/internal/signature/signature.go:461.2,461.19 1 1
github.com/edlitmus/halite/internal/signature/signature.go:466.38,468.33 2 1
github.com/edlitmus/halite/internal/signature/signature.go:468.33,470.3 1 1
github.com/edlitmus/halite/internal/signature/signature.go:471.2,471.12 1 1
github.com/edlitmus/halite/internal/signature/signature.go:475.38,477.29 2 1
github.com/edlitmus/halite/internal/signature/signature.go:477.29,483.23 2 1
github.com/edlitmus/halite/internal/signature/signature.go:483.23,485.4 1 1
github.com/edlitmus/halite/internal/signature/signature.go:486.3,486.18 1 1
github.com/edlitmus/halite/internal/signature/signature.go:486.18,488.4 1 0
github.com/edlitmus/halite/internal/signature/signature.go:489.3,489.17 1 1
github.com/edlitmus/halite/internal/signature/signature.go:489.17,491.4 1 0
github.com/edlitmus/halite/internal/signature/signature.go:492.3,492.20 1 1
github.com/edlitmus/halite/internal/signature/signature.go:492.20,494.4 1 0
github.com/edlitmus/halite/internal/signature/signature.go:495.3,495.25 1 1
github.com/edlitmus/halite/internal/signature/signature.go:495.25,497.32 2 1
github.com/edlitmus/halite/internal/signature/signature.go:497.32,499.5 1 1
github.com/edlitmus/halite/internal/signature/signature.go:500.4,500.30 1 1
github.com/edlitmus/halite/internal/signature/signature.go:502.3,502.30 1 1
github.com/edlitmus/halite/internal/signature/signature.go:505.2,513.17 2 1
github.com/edlitmus/halite/internal/signature/signature.go:513.17,515.3 1 0
github.com/edlitmus/halite/internal/signature/signature.go:516.2,516.21 1 1
github.com/edlitmus/halite/internal/signature/signature.go:516.21,518.3 1 0
github.com/edlitmus/halite/internal/signature/signature.go:519.2,519.26 1 1
github.com/edlitmus/halite/internal/signature/signature.go:519.26,521.33 2 0
github.com/edlitmus/halite/internal/signature/signature.go:521.33,523.4 1 0
github.com/edlitmus/halite/internal/signature/signature.go:524.3,524.28 1 0
github.com/edlitmus/halite/internal/signature/signature.go:526.2,526.27 1 1
github.com/edlitmus/halite/internal/signature/signature.go:526.27,528.34 2 0
github.com/edlitmus/halite/internal/signature/signature.go:528.34,530.4 1 0
github.com/edlitmus/halite/internal/signature/signature.go:531.3,531.29 1 0
github.com/edlitmus/halite/internal/signature/signature.go:533.2,533.21 1 1
github.com/edlitmus/halite/internal/signature/signature.go:533.21,535.3 1 1
github.com/edlitmus/halite/internal/signature/signature.go:536.2,536.10 1 1
github.com/edlitmus/halite/internal/target/compound.go:35.40,37.22 2 1
github.com/edlitmus/halite/internal/target/compound.go:37.22,39.3 1 1
github.com/edlitmus/halite/internal/target/compound.go:40.2,41.16 2 1
github.com/edlitmus/halite/internal/target/compound.go:41.16,43.3 1 1
github.com/edlitmus/halite/internal/target/compound.go:44.2,44.23 1 1
github.com/edlitmus/halite/internal/target/compound.go:44.23,47.20 3 1
github.com/edlitmus/halite/internal/target/compound.go:47.20,49.4 1 1
github.com/edlitmus/halite/internal/target/compound.go:50.3,50.56 1 1
github.com/edlitmus/halite/internal/target/compound.go:52.2,52.15 1 1
github.com/edlitmus/halite/internal/target/compound.go:57.29,60.25 3 1
github.com/edlitmus/halite/internal/target/compound.go:60.25,61.17 1 1
github.com/edlitmus/halite/internal/target/compound.go:61.17,64.4 2 1
github.com/edlitmus/halite/internal/target/compound.go:66.2,66.34 1 1
github.com/edlitmus/halite/internal/target/compound.go:66.34,68.10 2 1
github.com/edlitmus/halite/internal/target/compound.go:69.30,70.12 1 1
github.com/edlitmus/halite/internal/target/compound.go:71.29,73.71 2 1
github.com/edlitmus/halite/internal/target/compound.go:74.11,75.17 1 1
github.com/edlitmus/halite/internal/target/compound.go:75.17,77.5 1 1
github.com/edlitmus/halite/internal/target/compound.go:79.3,79.8 1 1
github.com/edlitmus/halite/internal/target/compound.go:81.2,81.19 1 1
github.com/edlitmus/halite/internal/target/compound.go:84.47,85.24 1 1
github.com/edlitmus/halite/internal/target/compound.go:85.24,87.3 1 1
github.com/edlitmus/halite/internal/target/compound.go:88.2,88.26 1 1
github.com/edlitmus/halite/internal/target/compound.go:91.42,93.16 2 1
github.com/edlitmus/halite/internal/target/compound.go:93.16,95.3 1 1
github.com/edlitmus/halite/internal/target/compound.go:96.2,96.6 1 1
github.com/edlitmus/halite/internal/target/compound.go:96.6,98.46 2 1
github.com/edlitmus/halite/internal/target/compound.go:98.46,100.4 1 1
github.com/edlitmus/halite/internal/target/compound.go:101.3,103.17 3 1
github.com/edlitmus/halite/internal/target/compound.go:103.17,105.4 1 0
github.com/edlitmus/halite/internal/target/compound.go:106.3,107.37 2 1
github.com/edlitmus/halite/internal/target/compound.go:107.37,107.72 1 1
github.com/edlitmus/halite/internal/target/compound.go:111.43,113.16 2 1
github.com/edlitmus/halite/internal/target/compound.go:113.16,115.3 1 1
github.com/edlitmus/halite/internal/target/compound.go:116.2,116.6 1 1
github.com/edlitmus/halite/internal/target/compound.go:116.6,118.10 2 1
github.com/edlitmus/halite/internal/target/compound.go:118.10,120.4 1 1
github.com/edlitmus/halite/internal/target/compound.go:123.3,123.40 1 1
github.com/edlitmus/halite/internal/target/compound.go:123.40,125.4 1 1
github.com/edlitmus/halite/internal/target/compound.go:126.3,128.17 3 1
github.com/edlitmus/halite/internal/target/compound.go:128.17,130.4 1 1
github.com/edlitmus/halite/internal/target/compound.go:131.3,132.37 2 1
github.com/edlitmus/halite/internal/target/compound.go:132.37,132.72 1 1
github.com/edlitmus/halite/internal/target/compound.go:136.43,138.44 2 1
github.com/edlitmus/halite/internal/target/compound.go:138.44,141.17 3 1
github.com/edlitmus/halite/internal/target/compound.go:141.17,143.4 1 0
github.com/edlitmus/halite/internal/target/compound.go:144.3,144.37 1 1
github.com/edlitmus/halite/internal/target/compound.go:144.37,144.63 1 1
github.com/edlitmus/halite/internal/target/compound.go:146.2,146.25 1 1
github.com/edlitmus/halite/internal/target/compound.go:149.47,151.9 2 1
github.com/edlitmus/halite/internal/target/compound.go:151.9,153.22 2 1
github.com/edlitmus/halite/internal/target/compound.go:153.22,156.4 2 1
github.com/edlitmus/halite/internal/target/compound.go:157.3,157.100 1 1
github.com/edlitmus/halite/internal/target/compound.go:160.2,160.9 1 1
github.com/edlitmus/halite/internal/target/compound.go:161.21,164.17 3 1
github.com/edlitmus/halite/internal/target/compound.go:164.17,166.4 1 0
github.com/edlitmus/halite/internal/target/compound.go:167.3,168.31 2 1
github.com/edlitmus/halite/internal/target/compound.go:168.31,170.4 1 1
github.com/edlitmus/halite/internal/target/compound.go:171.3,172.20 2 1
github.com/edlitmus/halite/internal/target/compound.go:174.21,175.68 1 0
github.com/edlitmus/halite/internal/target/compound.go:177.75,178.105 1 1
github.com/edlitmus/halite/internal/target/compound.go:181.2,182.25 2 1
github.com/edlitmus/halite/internal/target/compound.go:186.61,188.13 2 1
github.com/edlitmus/halite/internal/target/compound.go:188.13,190.17 2 1
github.com/edlitmus/halite/internal/target/compound.go:190.17,192.4 1 0
github.com/edlitmus/halite/internal/target/compound.go:193.3,193.19 1 1
github.com/edlitmus/halite/internal/target/compound.go:196.2,199.9 4 1
github.com/edlitmus/halite/internal/target/compound.go:199.9,204.17 2 1
github.com/edlitmus/halite/internal/target/compound.go:204.17,206.4 1 0
github.com/edlitmus/halite/internal/target/compound.go:207.3,207.19 1 1
github.com/edlitmus/halite/internal/target/compound.go:209.2,209.16 1 1
github.com/edlitmus/halite/internal/target/compound.go:209.16,211.3 1 1
github.com/edlitmus/halite/internal/target/compound.go:213.2,213.23 1 1
github.com/edlitmus/halite/internal/target/compound.go:213.23,215.17 2 1
github.com/edlitmus/halite/internal/target/compound.go:215.17,217.4 1 0
github.com/edlitmus/halite/internal/target/compound.go:218.3,220.17 3 1
github.com/edlitmus/halite/internal/target/compound.go:220.17,222.4 1 0
github.com/edlitmus/halite/internal/target/compound.go:223.3,223.16 1 1
github.com/edlitmus/halite/internal/target/compound.go:226.2,227.16 2 1
github.com/edlitmus/halite/internal/target/compound.go:227.16,229.3 1 0
github.com/edlitmus/halite/internal/target/compound.go:230.2,230.18 1 1
github.com/edlitmus/halite/internal/target/compound.go:233.40,234.47 1 0
github.com/edlitmus/halite/internal/target/compound.go:234.47,237.3 2 0
github.com/edlitmus/halite/internal/target/compound.go:238.2,238.12 1 0
github.com/edlitmus/halite/internal/target/target.go:65.45,66.14 1 1
github.com/edlitmus/halite/internal/target/target.go:67.18,68.20 1 1
github.com/edlitmus/halite/internal/target/target.go:69.19,70.20 1 1
github.com/edlitmus/halite/internal/target/target.go:71.19,72.21 1 1
github.com/edlitmus/halite/internal/target/target.go:73.20,74.21 1 1
github.com/edlitmus/halite/internal/target/target.go:75.25,76.26 1 1
github.com/edlitmus/halite/internal/target/target.go:77.21,78.22 1 1
github.com/edlitmus/halite/internal/target/target.go:79.26,80.27 1 1
github.com/edlitmus/halite/internal/target/target.go:81.21,82.22 1 1
github.com/edlitmus/halite/internal/target/target.go:83.24,84.25 1 1
github.com/edlitmus/halite/internal/target/target.go:85.23,86.24 1 1
github.com/edlitmus/halite/internal/target/target.go:88.2,88.20 1 1
github.com/edlitmus/halite/internal/target/target.go:116.32,117.15 1 1
github.com/edlitmus/halite/internal/target/target.go:117.15,119.3 1 0
github.com/edlitmus/halite/internal/target/target.go:120.2,120.63 1 1
github.com/edlitmus/halite/internal/target/target.go:135.75,137.14 2 1
github.com/edlitmus/halite/internal/target/target.go:138.16,141.17 3 1
github.com/edlitmus/halite/internal/target/target.go:141.17,143.4 1 1
github.com/edlitmus/halite/internal/target/target.go:144.3,145.16 2 1
github.com/edlitmus/halite/internal/target/target.go:147.17,149.17 2 1
github.com/edlitmus/halite/internal/target/target.go:149.17,151.4 1 1
github.com/edlitmus/halite/internal/target/target.go:152.3,154.17 3 1
github.com/edlitmus/halite/internal/target/target.go:154.17,156.4 1 0
github.com/edlitmus/halite/internal/target/target.go:157.3,158.16 2 1
github.com/edlitmus/halite/internal/target/target.go:160.10,162.17 2 1
github.com/edlitmus/halite/internal/target/target.go:162.17,164.4 1 1
github.com/edlitmus/halite/internal/target/target.go:165.3,166.16 2 1
github.com/edlitmus/halite/internal/target/target.go:172.68,173.25 1 1
github.com/edlitmus/halite/internal/target/target.go:173.25,175.3 1 1
github.com/edlitmus/halite/internal/target/target.go:176.2,176.36 1 1
github.com/edlitmus/halite/internal/target/target.go:180.38,181.37 1 1
github.com/edlitmus/halite/internal/target/target.go:181.37,183.3 1 0
github.com/edlitmus/halite/internal/target/target.go:184.2,184.44 1 1
github.com/edlitmus/halite/internal/target/target.go:184.44,185.15 1 1
github.com/edlitmus/halite/internal/target/target.go:186.27,187.15 1 0
github.com/edlitmus/halite/internal/target/target.go:189.3,189.43 1 1
github.com/edlitmus/halite/internal/target/target.go:189.43,190.42 1 1
github.com/edlitmus/halite/internal/target/target.go:190.42,192.5 1 1
github.com/edlitmus/halite/internal/target/target.go:195.2,195.14 1 1
github.com/edlitmus/halite/internal/target/target.go:199.38,200.18 1 1
github.com/edlitmus/halite/internal/target/target.go:200.18,202.3 1 0
github.com/edlitmus/halite/internal/target/target.go:203.2,203.23 1 1
github.com/edlitmus/halite/internal/target/target.go:207.33,207.50 1 0
github.com/edlitmus/halite/internal/target/target.go:211.97,213.22 2 1
github.com/edlitmus/halite/internal/target/target.go:213.22,215.3 1 1
github.com/edlitmus/halite/internal/target/target.go:216.2,216.25 1 1
github.com/edlitmus/halite/internal/target/target.go:216.25,217.16 1 1
github.com/edlitmus/halite/internal/target/target.go:217.16,222.4 1 1
github.com/edlitmus/halite/internal/target/target.go:224.2,225.9 2 1
github.com/edlitmus/halite/internal/target/target.go:225.9,227.3 1 1
github.com/edlitmus/halite/internal/target/target.go:229.2,231.33 3 1
github.com/edlitmus/halite/internal/target/target.go:231.33,232.41 1 1
github.com/edlitmus/halite/internal/target/target.go:232.41,234.12 2 1
github.com/edlitmus/halite/internal/target/target.go:236.3,237.75 2 1
github.com/edlitmus/halite/internal/target/target.go:237.75,239.4 1 1
github.com/edlitmus/halite/internal/target/target.go:240.3,241.17 2 1
github.com/edlitmus/halite/internal/target/target.go:241.17,243.4 1 1
github.com/edlitmus/halite/internal/target/target.go:244.3,245.12 2 1
github.com/edlitmus/halite/internal/target/target.go:247.2,247.26 1 1
github.com/edlitmus/halite/internal/target/target.go:253.50,255.27 2 1
github.com/edlitmus/halite/internal/target/target.go:255.27,257.3 1 1
github.com/edlitmus/halite/internal/target/target.go:258.2,259.29 2 1
github.com/edlitmus/halite/internal/target/target.go:259.29,261.17 2 1
github.com/edlitmus/halite/internal/target/target.go:261.17,263.4 1 1
github.com/edlitmus/halite/internal/target/target.go:264.3,265.38 2 1
github.com/edlitmus/halite/internal/target/target.go:265.38,267.4 1 0
github.com/edlitmus/halite/internal/target/target.go:269.2,269.12 1 1
github.com/edlitmus/halite/internal/target/target.go:272.30,273.30 1 1
github.com/edlitmus/halite/internal/target/target.go:273.30,274.43 1 1
github.com/edlitmus/halite/internal/target/target.go:274.43,276.4 1 1
github.com/edlitmus/halite/internal/target/target.go:286.38,286.53 1 1
github.com/edlitmus/halite/internal/target/target.go:288.56,289.14 1 1
github.com/edlitmus/halite/internal/target/target.go:290.12,291.37 1 1
github.com/edlitmus/halite/internal/target/target.go:291.37,291.69 1 1
github.com/edlitmus/halite/internal/target/target.go:293.12,295.47 2 1
github.com/edlitmus/halite/internal/target/target.go:295.47,296.44 1 1
github.com/edlitmus/halite/internal/target/target.go:296.44,298.5 1 1
github.com/edlitmus/halite/internal/target/target.go:300.3,300.37 1 1
github.com/edlitmus/halite/internal/target/target.go:300.37,300.57 1 1
github.com/edlitmus/halite/internal/target/target.go:302.13,304.17 2 1
github.com/edlitmus/halite/internal/target/target.go:304.17,306.4 1 1
github.com/edlitmus/halite/internal/target/target.go:307.3,307.37 1 1
github.com/edlitmus/halite/internal/target/target.go:307.37,307.68 1 1
github.com/edlitmus/halite/internal/target/target.go:309.21,311.17 2 1
github.com/edlitmus/halite/internal/target/target.go:311.17,313.4 1 0
github.com/edlitmus/halite/internal/target/target.go:314.3,315.21 2 1
github.com/edlitmus/halite/internal/target/target.go:315.21,317.4 1 1
github.com/edlitmus/halite/internal/target/target.go:318.3,318.37 1 1
github.com/edlitmus/halite/internal/target/target.go:318.37,320.11 2 1
github.com/edlitmus/halite/internal/target/target.go:320.11,322.5 1 1
github.com/edlitmus/halite/internal/target/target.go:323.4,323.52 1 1
github.com/edlitmus/halite/internal/target/target.go:323.52,323.84 1 1
github.com/edlitmus/halite/internal/target/target.go:326.31,328.17 2 1
github.com/edlitmus/halite/internal/target/target.go:328.17,330.4 1 0
github.com/edlitmus/halite/internal/target/target.go:331.3,332.17 2 1
github.com/edlitmus/halite/internal/target/target.go:332.17,334.4 1 0
github.com/edlitmus/halite/internal/target/target.go:335.3,336.26 2 1
github.com/edlitmus/halite/internal/target/target.go:336.26,338.4 1 1
github.com/edlitmus/halite/internal/target/target.go:339.3,339.37 1 1
github.com/edlitmus/halite/internal/target/target.go:339.37,341.11 2 1
github.com/edlitmus/halite/internal/target/target.go:341.11,343.5 1 0
github.com/edlitmus/halite/internal/target/target.go:344.4,344.47 1 1
github.com/edlitmus/halite/internal/target/target.go:347.14,348.29 1 1
github.com/edlitmus/halite/internal/target/target.go:350.2,350.64 1 0
github.com/edlitmus/halite/internal/target/target.go:353.29,354.21 1 1
github.com/edlitmus/halite/internal/target/target.go:354.21,356.3 1 0
github.com/edlitmus/halite/internal/target/target.go:357.2,357.17 1 1
github.com/edlitmus/halite/internal/target/target.go:360.29,361.21 1 1
github.com/edlitmus/halite/internal/target/target.go:361.21,363.3 1 0
github.com/edlitmus/halite/internal/target/target.go:364.2,364.17 1 1
github.com/edlitmus/halite/internal/target/target.go:369.66,371.11 2 1
github.com/edlitmus/halite/internal/target/target.go:371.11,373.3 1 1
github.com/edlitmus/halite/internal/target/target.go:374.2,375.15 2 1
github.com/edlitmus/halite/internal/target/target.go:375.15,377.3 1 0
github.com/edlitmus/halite/internal/target/target.go:378.2,378.26 1 1
github.com/edlitmus/halite/internal/target/target.go:384.60,385.23 1 1
github.com/edlitmus/halite/internal/target/target.go:386.13,387.26 1 1
github.com/edlitmus/halite/internal/target/target.go:387.26,388.35 1 1
github.com/edlitmus/halite/internal/target/target.go:388.35,390.5 1 1
github.com/edlitmus/halite/internal/target/target.go:392.3,392.15 1 1
github.com/edlitmus/halite/internal/target/target.go:393.18,394.15 1 0
github.com/edlitmus/halite/internal/target/target.go:395.10,396.34 1 1
github.com/edlitmus/halite/internal/target/target.go:402.40,403.20 1 1
github.com/edlitmus/halite/internal/target/target.go:403.20,405.3 1 1
github.com/edlitmus/halite/internal/target/target.go:406.2,407.16 2 1
github.com/edlitmus/halite/internal/target/target.go:407.16,410.3 1 0
github.com/edlitmus/halite/internal/target/target.go:411.2,411.11 1 1
github.com/edlitmus/halite/internal/target/target.go:416.47,417.56 1 1
github.com/edlitmus/halite/internal/target/target.go:417.56,419.37 2 1
github.com/edlitmus/halite/internal/target/target.go:419.37,420.49 1 1
github.com/edlitmus/halite/internal/target/target.go:420.49,420.73 1 1
github.com/edlitmus/halite/internal/target/target.go:423.2,424.16 2 1
github.com/edlitmus/halite/internal/target/target.go:424.16,426.3 1 1
github.com/edlitmus/halite/internal/target/target.go:427.2,427.36 1 1
github.com/edlitmus/halite/internal/target/target.go:427.36,428.48 1 1
github.com/edlitmus/halite/internal/target/target.go:428.48,428.68 1 1
github.com/edlitmus/halite/internal/target/target.go:432.58,433.21 1 1
github.com/edlitmus/halite/internal/target/target.go:433.21,435.3 1 0
github.com/edlitmus/halite/internal/target/target.go:436.2,436.47 1 1
github.com/edlitmus/halite/internal/target/target.go:436.47,438.10 2 1
github.com/edlitmus/halite/internal/target/target.go:438.10,439.12 1 0
github.com/edlitmus/halite/internal/target/target.go:441.3,442.10 2 1
github.com/edlitmus/halite/internal/target/target.go:442.10,443.12 1 0
github.com/edlitmus/halite/internal/target/target.go:445.3,445.29 1 1
github.com/edlitmus/halite/internal/target/target.go:445.29,447.11 2 1
github.com/edlitmus/halite/internal/target/target.go:447.11,448.13 1 0
github.com/edlitmus/halite/internal/target/target.go:450.4,451.18 2 1
github.com/edlitmus/halite/internal/target/target.go:451.18,452.13 1 0
github.com/edlitmus/halite/internal/target/target.go:454.4,454.23 1 1
github.com/edlitmus/halite/internal/target/target.go:454.23,456.5 1 1
github.com/edlitmus/halite/internal/target/target.go:459.2,459.14 1 1
github.com/edlitmus/halite/internal/migrate/migrate.go:84.34,86.16 2 0
github.com/edlitmus/halite/internal/migrate/migrate.go:86.16,88.3 1 0
github.com/edlitmus/halite/internal/migrate/migrate.go:89.2,90.20 2 0
github.com/edlitmus/halite/internal/migrate/migrate.go:90.20,92.3 1 0
github.com/edlitmus/halite/internal/migrate/migrate.go:93.2,93.10 1 0
github.com/edlitmus/halite/internal/migrate/migrate.go:145.41,146.21 1 1
github.com/edlitmus/halite/internal/migrate/migrate.go:146.21,148.3 1 0
github.com/edlitmus/halite/internal/migrate/migrate.go:149.2,155.23 3 1
github.com/edlitmus/halite/internal/migrate/migrate.go:155.23,157.3 1 1
github.com/edlitmus/halite/internal/migrate/migrate.go:159.2,159.72 1 1
github.com/edlitmus/halite/internal/migrate/migrate.go:159.72,161.3 1 0
github.com/edlitmus/halite/internal/migrate/migrate.go:162.2,162.59 1 1
github.com/edlitmus/halite/internal/migrate/migrate.go:162.59,163.78 1 1
github.com/edlitmus/halite/internal/migrate/migrate.go:163.78,165.4 1 0
github.com/edlitmus/halite/internal/migrate/migrate.go:167.2,167.38 1 1
github.com/edlitmus/halite/internal/migrate/migrate.go:167.38,169.3 1 1
github.com/edlitmus/halite/internal/migrate/migrate.go:171.2,171.53 1 1
github.com/edlitmus/halite/internal/migrate/migrate.go:171.53,173.23 2 1
github.com/edlitmus/halite/internal/migrate/migrate.go:173.23,175.4 1 1
github.com/edlitmus/halite/internal/migrate/migrate.go:176.3,176.25 1 1
github.com/edlitmus/halite/internal/migrate/migrate.go:178.2,178.17 1 1
github.com/edlitmus/halite/internal/migrate/migrate.go:181.95,182.82 1 1
github.com/edlitmus/halite/internal/migrate/migrate.go:182.82,183.17 1 1
github.com/edlitmus/halite/internal/migrate/migrate.go:183.17,185.4 1 0
github.com/edlitmus/halite/internal/migrate/migrate.go:186.3,189.16 3 1
github.com/edlitmus/halite/internal/migrate/migrate.go:189.16,191.40 2 1
github.com/edlitmus/halite/internal/migrate/migrate.go:191.40,192.19 1 1
github.com/edlitmus/halite/internal/migrate/migrate.go:192.19,195.6 2 1
github.com/edlitmus/halite/internal/migrate/migrate.go:197.4,197.14 1 1
github.com/edlitmus/halite/internal/migrate/migrate.go:199.3,199.35 1 1
github.com/edlitmus/halite/internal/migrate/migrate.go:199.35,201.4 1 0
github.com/edlitmus/halite/internal/migrate/migrate.go:203.3,204.17 2 1
github.com/edlitmus/halite/internal/migrate/migrate.go:204.17,206.4 1 0
github.com/edlitmus/halite/internal/migrate/migrate.go:207.3,207.15 1 1
github.com/edlitmus/halite/internal/migrate/migrate.go:207.15,209.4 1 1
github.com/edlitmus/halite/internal/migrate/migrate.go:209.9,211.4 1 1
github.com/edlitmus/halite/internal/migrate/migrate.go:212.3,213.13 2 1
github.com/edlitmus/halite/internal/migrate/migrate.go:217.64,220.16 3 1
github.com/edlitmus/halite/internal/migrate/migrate.go:220.16,222.3 1 0
github.com/edlitmus/halite/internal/migrate/migrate.go:223.2,224.28 2 1
github.com/edlitmus/halite/internal/migrate/migrate.go:224.28,225.51 1 1
github.com/edlitmus/halite/internal/migrate/migrate.go:225.51,226.12 1 0
github.com/edlitmus/halite/internal/migrate/migrate.go:228.3,236.5 1 1
github.com/edlitmus/halite/internal/migrate/migrate.go:242.99,247.31 4 1
github.com/edlitmus/halite/internal/migrate/migrate.go:247.31,249.10 2 1
github.com/edlitmus/halite/internal/migrate/migrate.go:250.15,255.6 1 0
github.com/edlitmus/halite/internal/migrate/migrate.go:256.43,261.6 1 1
github.com/edlitmus/halite/internal/migrate/migrate.go:262.39,267.6 1 0
github.com/edlitmus/halite/internal/migrate/migrate.go:271.2,273.51 3 1
github.com/edlitmus/halite/internal/migrate/migrate.go:273.51,275.3 1 1
github.com/edlitmus/halite/internal/migrate/migrate.go:281.65,284.16 3 1
github.com/edlitmus/halite/internal/migrate/migrate.go:284.16,287.9 3 0
github.com/edlitmus/halite/internal/migrate/migrate.go:287.9,289.4 1 0
github.com/edlitmus/halite/internal/migrate/migrate.go:290.3,291.9 2 0
github.com/edlitmus/halite/internal/migrate/migrate.go:294.2,294.44 1 1
github.com/edlitmus/halite/internal/migrate/migrate.go:294.44,296.3 1 1
github.com/edlitmus/halite/internal/migrate/migrate.go:300.72,301.23 1 1
github.com/edlitmus/halite/internal/migrate/migrate.go:302.26,305.9 2 1
github.com/edlitmus/halite/internal/migrate/migrate.go:305.9,307.4 1 1
github.com/edlitmus/halite/internal/migrate/migrate.go:308.26,309.39 1 0
github.com/edlitmus/halite/internal/migrate/migrate.go:309.39,311.4 1 0
github.com/edlitmus/halite/internal/migrate/migrate.go:312.28,313.64 1 1
github.com/edlitmus/halite/internal/migrate/migrate.go:313.64,315.4 1 0
github.com/edlitmus/halite/internal/migrate/migrate.go:316.3,316.28 1 1
github.com/edlitmus/halite/internal/migrate/migrate.go:316.28,318.11 2 1
github.com/edlitmus/halite/internal/migrate/migrate.go:318.11,319.13 1 0
github.com/edlitmus/halite/internal/migrate/migrate.go:321.4,322.11 2 1
github.com/edlitmus/halite/internal/migrate/migrate.go:322.11,323.13 1 0
github.com/edlitmus/halite/internal/migrate/migrate.go:325.4,325.55 1 1
github.com/edlitmus/halite/internal/migrate/migrate.go:325.55,332.5 1 1
github.com/edlitmus/halite/internal/migrate/migrate.go:337.74,339.26 2 1
github.com/edlitmus/halite/internal/migrate/migrate.go:339.26,341.3 1 0
github.com/edlitmus/halite/internal/migrate/migrate.go:342.2,342.29 1 1
github.com/edlitmus/halite/internal/migrate/migrate.go:342.29,344.3 1 0
github.com/edlitmus/halite/internal/migrate/migrate.go:345.2,349.4 1 1
github.com/edlitmus/halite/internal/migrate/migrate.go:353.60,355.32 2 1
github.com/edlitmus/halite/internal/migrate/migrate.go:355.32,357.3 1 1
github.com/edlitmus/halite/internal/migrate/migrate.go:358.2,359.9 2 1
github.com/edlitmus/halite/internal/migrate/migrate.go:359.9,361.3 1 0
github.com/edlitmus/halite/internal/migrate/migrate.go:362.2,363.38 2 1
github.com/edlitmus/halite/internal/migrate/migrate.go:363.38,365.3 1 0
github.com/edlitmus/halite/internal/migrate/migrate.go:366.2,366.16 1 1
github.com/edlitmus/halite/internal/migrate/migrate.go:370.57,372.9 2 0
github.com/edlitmus/halite/internal/migrate/migrate.go:372.9,374.3 1 0
github.com/edlitmus/halite/internal/migrate/migrate.go:375.2,376.32 2 0
github.com/edlitmus/halite/internal/migrate/migrate.go:376.32,378.3 1 0
github.com/edlitmus/halite/internal/migrate/migrate.go:379.2,379.38 1 0
github.com/edlitmus/halite/internal/migrate/migrate.go:384.51,390.26 5 1
github.com/edlitmus/halite/internal/migrate/migrate.go:390.26,392.17 2 1
github.com/edlitmus/halite/internal/migrate/migrate.go:393.30,397.101 2 1
github.com/edlitmus/halite/internal/migrate/migrate.go:398.24,399.113 1 1
github.com/edlitmus/halite/internal/migrate/migrate.go:400.31,401.97 1 1
github.com/edlitmus/halite/internal/migrate/migrate.go:402.29,403.116 1 0
github.com/edlitmus/halite/internal/migrate/migrate.go:405.3,410.5 1 1
github.com/edlitmus/halite/internal/migrate/migrate.go:412.2,412.16 1 1
github.com/edlitmus/halite/internal/migrate/migrate.go:412.16,414.3 1 1
github.com/edlitmus/halite/internal/migrate/migrate.go:415.2,417.8 3 0
github.com/edlitmus/halite/internal/migrate/migrate.go:417.8,419.50 2 0
github.com/edlitmus/halite/internal/migrate/migrate.go:419.50,421.4 1 0
github.com/edlitmus/halite/internal/migrate/migrate.go:425.2,425.34 1 0
github.com/edlitmus/halite/internal/migrate/migrate.go:425.34,427.3 1 0
github.com/edlitmus/halite/internal/migrate/migrate.go:428.2,428.40 1 0
github.com/edlitmus/halite/internal/migrate/migrate.go:431.44,435.4 1 0
github.com/edlitmus/halite/internal/migrate/migrate.go:435.4,436.31 1 0
github.com/edlitmus/halite/internal/migrate/migrate.go:436.31,438.4 1 0
github.com/edlitmus/halite/internal/migrate/migrate.go:440.2,440.14 1 0
github.com/edlitmus/halite/internal/migrate/migrate.go:446.41,448.30 2 1
github.com/edlitmus/halite/internal/migrate/migrate.go:448.30,449.46 1 1
github.com/edlitmus/halite/internal/migrate/migrate.go:449.46,450.22 1 1
github.com/edlitmus/halite/internal/migrate/migrate.go:450.22,452.5 1 1
github.com/edlitmus/halite/internal/migrate/migrate.go:455.2,455.32 1 1
github.com/edlitmus/halite/internal/migrate/migrate.go:455.32,457.10 2 1
github.com/edlitmus/halite/internal/migrate/migrate.go:458.41,459.19 1 1
github.com/edlitmus/halite/internal/migrate/migrate.go:460.41,461.19 1 1
github.com/edlitmus/halite/internal/migrate/migrate.go:462.41,463.19 1 0
github.com/edlitmus/halite/internal/migrate/migrate.go:464.11,465.12 1 1
github.com/edlitmus/halite/internal/migrate/migrate.go:467.3,468.14 2 1
github.com/edlitmus/halite/internal/migrate/migrate.go:468.14,470.9 2 0
github.com/edlitmus/halite/internal/migrate/migrate.go:472.3,473.31 2 1
github.com/edlitmus/halite/internal/migrate/migrate.go:475.2,475.20 1 1
github.com/edlitmus/halite/internal/migrate/migrate.go:481.70,484.16 3 1
github.com/edlitmus/halite/internal/migrate/migrate.go:484.16,486.3 1 0
github.com/edlitmus/halite/internal/migrate/migrate.go:487.2,488.9 2 1
github.com/edlitmus/halite/internal/migrate/migrate.go:488.9,490.3 1 0
github.com/edlitmus/halite/internal/migrate/migrate.go:491.2,492.28 2 1
github.com/edlitmus/halite/internal/migrate/migrate.go:492.28,494.3 1 1
github.com/edlitmus/halite/internal/migrate/migrate.go:496.2,496.41 1 1
github.com/edlitmus/halite/internal/migrate/migrate.go:496.41,498.10 2 1
github.com/edlitmus/halite/internal/migrate/migrate.go:498.10,499.12 1 0
github.com/edlitmus/halite/internal/migrate/migrate.go:501.3,501.41 1 1
github.com/edlitmus/halite/internal/migrate/migrate.go:501.41,504.43 3 1
github.com/edlitmus/halite/internal/migrate/migrate.go:504.43,505.13 1 1
github.com/edlitmus/halite/internal/migrate/migrate.go:507.4,512.6 1 1
github.com/edlitmus/halite/internal/migrate/migrate.go:519.50,520.46 1 1
github.com/edlitmus/halite/internal/migrate/migrate.go:520.46,522.12 2 1
github.com/edlitmus/halite/internal/migrate/migrate.go:522.12,523.12 1 1
github.com/edlitmus/halite/internal/migrate/migrate.go:525.3,526.46 2 1
github.com/edlitmus/halite/internal/migrate/migrate.go:526.46,528.4 1 1
github.com/edlitmus/halite/internal/migrate/migrate.go:529.3,529.46 1 0
github.com/edlitmus/halite/internal/migrate/migrate.go:529.46,531.4 1 0
github.com/edlitmus/halite/internal/migrate/migrate.go:532.3,532.20 1 0
github.com/edlitmus/halite/internal/migrate/migrate.go:534.2,534.18 1 1
github.com/edlitmus/halite/internal/migrate/migrate.go:537.44,540.71 3 1
github.com/edlitmus/halite/internal/migrate/migrate.go:540.71,542.3 1 0
github.com/edlitmus/halite/internal/migrate/migrate.go:543.2,544.16 2 1
github.com/edlitmus/halite/internal/migrate/migrate.go:544.16,550.3 2 0
github.com/edlitmus/halite/internal/migrate/migrate.go:551.2,551.40 1 1
github.com/edlitmus/halite/internal/migrate/migrate.go:551.40,555.27 4 1
github.com/edlitmus/halite/internal/migrate/migrate.go:555.27,558.4 2 0
github.com/edlitmus/halite/internal/migrate/migrate.go:559.3,563.5 1 1
github.com/edlitmus/halite/internal/migrate/migrate.go:565.2,565.37 1 1
github.com/edlitmus/halite/internal/migrate/migrate.go:565.37,571.3 1 1
github.com/edlitmus/halite/internal/migrate/migrate.go:572.2,572.37 1 1
github.com/edlitmus/halite/internal/migrate/migrate.go:572.37,578.3 1 1
github.com/edlitmus/halite/internal/migrate/migrate.go:582.66,584.35 2 1
github.com/edlitmus/halite/internal/migrate/migrate.go:584.35,585.15 1 1
github.com/edlitmus/halite/internal/migrate/migrate.go:585.15,587.4 1 1
github.com/edlitmus/halite/internal/migrate/migrate.go:588.3,589.24 2 1
github.com/edlitmus/halite/internal/migrate/migrate.go:590.27,591.19 1 0
github.com/edlitmus/halite/internal/migrate/migrate.go:592.27,594.21 2 1
github.com/edlitmus/halite/internal/migrate/migrate.go:595.28,599.20 4 0
github.com/edlitmus/halite/internal/migrate/migrate.go:600.27,602.29 2 1
github.com/edlitmus/halite/internal/migrate/migrate.go:602.29,604.5 1 0
github.com/edlitmus/halite/internal/migrate/migrate.go:605.4,605.32 1 1
github.com/edlitmus/halite/internal/migrate/migrate.go:605.32,607.5 1 0
github.com/edlitmus/halite/internal/migrate/migrate.go:608.4,609.22 2 1
github.com/edlitmus/halite/internal/migrate/migrate.go:610.29,612.29 2 1
github.com/edlitmus/halite/internal/migrate/migrate.go:612.29,614.5 1 1
github.com/edlitmus/halite/internal/migrate/migrate.go:615.4,615.32 1 1
github.com/edlitmus/halite/internal/migrate/migrate.go:615.32,617.5 1 0
github.com/edlitmus/halite/internal/migrate/migrate.go:618.27,620.29 2 0
github.com/edlitmus/halite/internal/migrate/migrate.go:620.29,622.5 1 0
github.com/edlitmus/halite/internal/migrate/migrate.go:623.29,625.17 2 0
github.com/edlitmus/halite/internal/migrate/migrate.go:626.28,627.17 1 0
github.com/edlitmus/halite/internal/migrate/migrate.go:628.27,631.21 3 0
github.com/edlitmus/halite/internal/migrate/migrate.go:632.27,633.30 1 0
github.com/edlitmus/halite/internal/migrate/migrate.go:633.30,635.5 1 0
github.com/edlitmus/halite/internal/migrate/migrate.go:636.28,637.30 1 0
github.com/edlitmus/halite/internal/migrate/migrate.go:637.30,639.5 1 0
github.com/edlitmus/halite/internal/migrate/migrate.go:640.27,641.26 1 0
github.com/edlitmus/halite/internal/migrate/migrate.go:641.26,644.5 2 0
github.com/edlitmus/halite/internal/migrate/migrate.go:648.2,649.39 2 1
github.com/edlitmus/halite/internal/migrate/migrate.go:649.39,650.24 1 1
github.com/edlitmus/halite/internal/migrate/migrate.go:650.24,651.25 1 1
github.com/edlitmus/halite/internal/migrate/migrate.go:652.30,653.21 1 1
github.com/edlitmus/halite/internal/migrate/migrate.go:654.26,655.31 1 0
github.com/edlitmus/halite/internal/migrate/migrate.go:655.31,657.6 1 0
github.com/edlitmus/halite/internal/migrate/migrate.go:658.5,658.32 1 0
github.com/edlitmus/halite/internal/migrate/migrate.go:658.32,660.6 1 0
github.com/edlitmus/halite/internal/migrate/migrate.go:661.5,661.22 1 0
github.com/edlitmus/halite/internal/migrate/migrate.go:662.27,666.22 4 0
github.com/edlitmus/halite/internal/migrate/migrate.go:667.27,670.22 3 1
github.com/edlitmus/halite/internal/migrate/migrate.go:671.29,672.32 1 0
github.com/edlitmus/halite/internal/migrate/migrate.go:672.32,674.6 1 0
[...]
github.com/edlitmus/halite/internal/exec/exec.go:164.2,164.21 1 0
github.com/edlitmus/halite/internal/exec/exec.go:173.47,174.23 1 0
github.com/edlitmus/halite/internal/exec/exec.go:174.23,176.3 1 0
github.com/edlitmus/halite/internal/exec/exec.go:177.2,177.116 1 0
github.com/edlitmus/halite/internal/exec/exec.go:181.53,183.9 2 0
github.com/edlitmus/halite/internal/exec/exec.go:183.9,185.3 1 0
github.com/edlitmus/halite/internal/exec/exec.go:186.2,187.45 2 0
github.com/edlitmus/halite/internal/exec/exec.go:187.45,189.3 1 0
github.com/edlitmus/halite/internal/exec/exec.go:190.2,191.18 2 0
github.com/edlitmus/halite/internal/exec/exec.go:191.18,193.3 1 0
github.com/edlitmus/halite/internal/exec/exec.go:194.2,194.12 1 0
github.com/edlitmus/halite/internal/exec/exec.go:244.34,245.13 1 0
github.com/edlitmus/halite/internal/exec/exec.go:245.13,247.3 1 0
github.com/edlitmus/halite/internal/exec/exec.go:248.2,249.27 2 0
github.com/edlitmus/halite/internal/exec/exec.go:249.27,250.42 1 0
github.com/edlitmus/halite/internal/exec/exec.go:250.42,252.12 2 0
github.com/edlitmus/halite/internal/exec/exec.go:254.3,254.16 1 0
github.com/edlitmus/halite/internal/exec/exec.go:256.2,256.34 1 0
github.com/edlitmus/halite/internal/exec/exec.go:270.26,272.16 2 0
github.com/edlitmus/halite/internal/exec/exec.go:272.16,274.3 1 0
github.com/edlitmus/halite/internal/exec/exec.go:275.2,280.3 1 0
github.com/edlitmus/halite/internal/exec/exec.go:284.74,285.24 1 0
github.com/edlitmus/halite/internal/exec/exec.go:285.24,287.3 1 0
github.com/edlitmus/halite/internal/exec/exec.go:288.2,288.21 1 0
github.com/edlitmus/halite/internal/exec/exec.go:288.21,292.3 3 0
github.com/edlitmus/halite/internal/exec/exec.go:294.2,295.15 2 0
github.com/edlitmus/halite/internal/exec/exec.go:295.15,298.3 2 0
github.com/edlitmus/halite/internal/exec/exec.go:298.8,300.3 1 0
github.com/edlitmus/halite/internal/exec/exec.go:301.2,303.18 3 0
github.com/edlitmus/halite/internal/exec/exec.go:303.18,305.19 2 0
github.com/edlitmus/halite/internal/exec/exec.go:305.19,307.4 1 0
github.com/edlitmus/halite/internal/exec/exec.go:309.2,309.21 1 0
github.com/edlitmus/halite/internal/exec/exec.go:309.21,311.3 1 0
github.com/edlitmus/halite/internal/exec/exec.go:312.2,312.48 1 0
github.com/edlitmus/halite/internal/exec/exec.go:312.48,314.3 1 0
github.com/edlitmus/halite/internal/exec/exec.go:316.2,327.16 7 0
github.com/edlitmus/halite/internal/exec/exec.go:327.16,329.38 2 0
github.com/edlitmus/halite/internal/exec/exec.go:329.38,331.26 2 0
github.com/edlitmus/halite/internal/exec/exec.go:331.26,333.5 1 0
github.com/edlitmus/halite/internal/exec/exec.go:334.4,334.93 1 0
github.com/edlitmus/halite/internal/exec/exec.go:336.3,336.54 1 0
github.com/edlitmus/halite/internal/exec/exec.go:338.2,338.17 1 0
github.com/edlitmus/halite/internal/exec/exec.go:341.59,343.8 2 0
github.com/edlitmus/halite/internal/exec/exec.go:343.8,345.3 1 0
github.com/edlitmus/halite/internal/exec/exec.go:346.2,346.11 1 0
github.com/edlitmus/halite/internal/exec/exec.go:349.33,351.45 2 0
github.com/edlitmus/halite/internal/exec/exec.go:351.45,353.3 1 0
github.com/edlitmus/halite/internal/exec/exec.go:354.2,354.10 1 0
github.com/edlitmus/halite/internal/exec/exec.go:372.79,375.34 3 0
github.com/edlitmus/halite/internal/exec/exec.go:375.34,377.3 1 0
github.com/edlitmus/halite/internal/exec/exec.go:378.2,378.37 1 0
github.com/edlitmus/halite/internal/exec/exec.go:378.37,380.3 1 0
github.com/edlitmus/halite/internal/exec/exec.go:381.2,381.23 1 0
github.com/edlitmus/halite/internal/exec/exec.go:385.50,387.26 2 0
github.com/edlitmus/halite/internal/exec/exec.go:387.26,389.3 1 0
github.com/edlitmus/halite/internal/exec/exec.go:390.2,390.12 1 0
github.com/edlitmus/halite/internal/exec/exec.go:394.52,395.21 1 0
github.com/edlitmus/halite/internal/exec/exec.go:395.21,397.3 1 0
github.com/edlitmus/halite/internal/exec/exec.go:398.2,399.16 2 0
github.com/edlitmus/halite/internal/exec/exec.go:399.16,401.3 1 0
github.com/edlitmus/halite/internal/exec/exec.go:402.2,402.31 1 0
github.com/edlitmus/halite/internal/exec/exec.go:406.59,408.2 1 0
github.com/edlitmus/halite/internal/exec/exec.go:411.45,413.16 2 0
github.com/edlitmus/halite/internal/exec/exec.go:413.16,415.3 1 0
github.com/edlitmus/halite/internal/exec/exec.go:416.2,416.10 1 0
github.com/edlitmus/halite/internal/grains/grains.go:54.34,54.68 1 0
github.com/edlitmus/halite/internal/grains/grains.go:57.52,58.31 1 1
github.com/edlitmus/halite/internal/grains/grains.go:58.31,60.3 1 1
github.com/edlitmus/halite/internal/grains/grains.go:61.2,78.23 14 1
github.com/edlitmus/halite/internal/grains/grains.go:78.23,80.3 1 1
github.com/edlitmus/halite/internal/grains/grains.go:81.2,81.26 1 1
github.com/edlitmus/halite/internal/grains/grains.go:81.26,83.3 1 1
github.com/edlitmus/halite/internal/grains/grains.go:84.2,84.27 1 1
github.com/edlitmus/halite/internal/grains/grains.go:84.27,85.57 1 1
github.com/edlitmus/halite/internal/grains/grains.go:85.57,87.4 1 0
github.com/edlitmus/halite/internal/grains/grains.go:89.2,89.20 1 1
github.com/edlitmus/halite/internal/grains/grains.go:92.37,93.34 1 1
github.com/edlitmus/halite/internal/grains/grains.go:93.34,95.3 1 1
github.com/edlitmus/halite/internal/grains/grains.go:98.50,107.47 8 1
github.com/edlitmus/halite/internal/grains/grains.go:107.47,109.3 1 1
github.com/edlitmus/halite/internal/grains/grains.go:109.8,111.3 1 0
github.com/edlitmus/halite/internal/grains/grains.go:114.33,115.44 1 1
github.com/edlitmus/halite/internal/grains/grains.go:115.44,117.3 1 1
github.com/edlitmus/halite/internal/grains/grains.go:118.2,118.10 1 1
github.com/edlitmus/halite/internal/grains/grains.go:123.38,124.33 1 1
github.com/edlitmus/halite/internal/grains/grains.go:124.33,126.3 1 1
github.com/edlitmus/halite/internal/grains/grains.go:127.2,128.16 2 0
github.com/edlitmus/halite/internal/grains/grains.go:128.16,130.3 1 0
github.com/edlitmus/halite/internal/grains/grains.go:131.2,131.29 1 0
github.com/edlitmus/halite/internal/grains/grains.go:131.29,133.17 2 0
github.com/edlitmus/halite/internal/grains/grains.go:133.17,134.12 1 0
github.com/edlitmus/halite/internal/grains/grains.go:136.3,136.27 1 0
github.com/edlitmus/halite/internal/grains/grains.go:136.27,138.38 2 0
github.com/edlitmus/halite/internal/grains/grains.go:138.38,140.5 1 0
github.com/edlitmus/halite/internal/grains/grains.go:143.2,143.13 1 0
github.com/edlitmus/halite/internal/grains/grains.go:146.35,154.26 5 1
github.com/edlitmus/halite/internal/grains/grains.go:154.26,155.83 1 1
github.com/edlitmus/halite/internal/grains/grains.go:155.83,157.12 2 1
github.com/edlitmus/halite/internal/grains/grains.go:159.3,159.25 1 0
github.com/edlitmus/halite/internal/grains/grains.go:161.2,161.34 1 1
github.com/edlitmus/halite/internal/grains/grains.go:164.36,169.83 4 1
github.com/edlitmus/halite/internal/grains/grains.go:169.83,170.14 1 1
github.com/edlitmus/halite/internal/grains/grains.go:170.14,172.4 1 1
github.com/edlitmus/halite/internal/grains/grains.go:174.2,184.35 5 1
github.com/edlitmus/halite/internal/grains/grains.go:187.36,188.34 1 1
github.com/edlitmus/halite/internal/grains/grains.go:188.34,190.3 1 1
github.com/edlitmus/halite/internal/grains/grains.go:191.2,191.12 1 0
github.com/edlitmus/halite/internal/grains/grains.go:194.29,197.2 2 1
github.com/edlitmus/halite/internal/grains/grains.go:199.56,201.16 2 1
github.com/edlitmus/halite/internal/grains/grains.go:201.16,204.3 2 0
github.com/edlitmus/halite/internal/grains/grains.go:206.2,215.41 6 1
github.com/edlitmus/halite/internal/grains/grains.go:215.41,215.83 1 1
github.com/edlitmus/halite/internal/grains/grains.go:217.2,217.31 1 1
github.com/edlitmus/halite/internal/grains/grains.go:217.31,219.17 2 1
github.com/edlitmus/halite/internal/grains/grains.go:219.17,220.12 1 0
github.com/edlitmus/halite/internal/grains/grains.go:222.3,223.30 2 1
github.com/edlitmus/halite/internal/grains/grains.go:223.30,225.18 2 1
github.com/edlitmus/halite/internal/grains/grains.go:225.18,226.13 1 0
github.com/edlitmus/halite/internal/grains/grains.go:228.4,230.23 3 1
github.com/edlitmus/halite/internal/grains/grains.go:230.23,233.13 3 1
github.com/edlitmus/halite/internal/grains/grains.go:235.4,236.26 2 1
github.com/edlitmus/halite/internal/grains/grains.go:238.3,241.55 4 1
github.com/edlitmus/halite/internal/grains/grains.go:244.2,250.32 7 1
github.com/edlitmus/halite/internal/grains/grains.go:253.29,254.14 1 1
github.com/edlitmus/halite/internal/grains/grains.go:254.14,256.3 1 1
github.com/edlitmus/halite/internal/grains/grains.go:257.2,257.10 1 1
github.com/edlitmus/halite/internal/grains/grains.go:262.34,265.16 3 1
github.com/edlitmus/halite/internal/grains/grains.go:265.16,267.3 1 0
github.com/edlitmus/halite/internal/grains/grains.go:268.2,270.54 3 1
github.com/edlitmus/halite/internal/grains/grains.go:270.54,272.81 2 1
github.com/edlitmus/halite/internal/grains/grains.go:272.81,273.12 1 1
github.com/edlitmus/halite/internal/grains/grains.go:275.3,276.22 2 1
github.com/edlitmus/halite/internal/grains/grains.go:276.22,277.12 1 0
github.com/edlitmus/halite/internal/grains/grains.go:279.3,279.20 1 1
github.com/edlitmus/halite/internal/grains/grains.go:280.21,281.48 1 1
github.com/edlitmus/halite/internal/grains/grains.go:282.17,283.33 1 0
github.com/edlitmus/halite/internal/grains/grains.go:283.33,285.5 1 0
github.com/edlitmus/halite/internal/grains/grains.go:286.17,287.22 1 0
github.com/edlitmus/halite/internal/grains/grains.go:290.2,293.12 4 1
github.com/edlitmus/halite/internal/grains/grains.go:298.58,300.16 2 1
github.com/edlitmus/halite/internal/grains/grains.go:300.16,301.25 1 0
github.com/edlitmus/halite/internal/grains/grains.go:301.25,303.4 1 0
github.com/edlitmus/halite/internal/grains/grains.go:304.3,304.50 1 0
github.com/edlitmus/halite/internal/grains/grains.go:306.2,307.16 2 1
github.com/edlitmus/halite/internal/grains/grains.go:307.16,309.3 1 0
github.com/edlitmus/halite/internal/grains/grains.go:310.2,311.9 2 1
github.com/edlitmus/halite/internal/grains/grains.go:311.9,312.15 1 0
github.com/edlitmus/halite/internal/grains/grains.go:312.15,314.4 1 0
github.com/edlitmus/halite/internal/grains/grains.go:315.3,315.81 1 0
github.com/edlitmus/halite/internal/grains/grains.go:317.2,318.12 2 1
github.com/edlitmus/halite/internal/grains/grains.go:325.80,327.16 2 1
github.com/edlitmus/halite/internal/grains/grains.go:327.16,328.25 1 0
github.com/edlitmus/halite/internal/grains/grains.go:328.25,330.4 1 0
github.com/edlitmus/halite/internal/grains/grains.go:331.3,331.52 1 0
github.com/edlitmus/halite/internal/grains/grains.go:333.2,334.28 2 1
github.com/edlitmus/halite/internal/grains/grains.go:334.28,335.17 1 1
github.com/edlitmus/halite/internal/grains/grains.go:335.17,337.4 1 1
github.com/edlitmus/halite/internal/grains/grains.go:339.2,342.29 3 1
github.com/edlitmus/halite/internal/grains/grains.go:342.29,345.17 3 1
github.com/edlitmus/halite/internal/grains/grains.go:345.17,347.12 2 0
github.com/edlitmus/halite/internal/grains/grains.go:349.3,349.29 1 1
github.com/edlitmus/halite/internal/grains/grains.go:349.29,351.16 2 1
github.com/edlitmus/halite/internal/grains/grains.go:351.16,353.13 2 1
github.com/edlitmus/halite/internal/grains/grains.go:355.4,356.12 2 1
github.com/edlitmus/halite/internal/grains/grains.go:358.3,358.46 1 1
github.com/edlitmus/halite/internal/grains/grains.go:358.46,360.4 1 0
github.com/edlitmus/halite/internal/grains/grains.go:362.2,362.17 1 1
github.com/edlitmus/halite/internal/grains/grains.go:369.82,376.12 6 1
github.com/edlitmus/halite/internal/grains/grains.go:376.12,379.3 2 1
github.com/edlitmus/halite/internal/grains/grains.go:380.2,380.9 1 1
github.com/edlitmus/halite/internal/grains/grains.go:381.14,381.14 0 1
github.com/edlitmus/halite/internal/grains/grains.go:382.29,383.25 1 0
github.com/edlitmus/halite/internal/grains/grains.go:383.25,385.4 1 0
github.com/edlitmus/halite/internal/grains/grains.go:386.3,387.71 2 0
github.com/edlitmus/halite/internal/grains/grains.go:389.2,389.16 1 1
github.com/edlitmus/halite/internal/grains/grains.go:389.16,391.3 1 1
github.com/edlitmus/halite/internal/grains/grains.go:392.2,392.34 1 1
github.com/edlitmus/halite/internal/grains/grains.go:392.34,394.3 1 0
github.com/edlitmus/halite/internal/grains/grains.go:396.2,397.16 2 1
github.com/edlitmus/halite/internal/grains/grains.go:397.16,399.3 1 1
github.com/edlitmus/halite/internal/grains/grains.go:400.2,401.9 2 1
github.com/edlitmus/halite/internal/grains/grains.go:401.9,403.3 1 0
github.com/edlitmus/halite/internal/grains/grains.go:404.2,404.15 1 1
github.com/edlitmus/halite/internal/grains/grains.go:411.54,414.16 3 1
github.com/edlitmus/halite/internal/grains/grains.go:414.16,416.3 1 0
github.com/edlitmus/halite/internal/grains/grains.go:417.2,417.54 1 1
github.com/edlitmus/halite/internal/grains/grains.go:417.54,419.49 2 1
github.com/edlitmus/halite/internal/grains/grains.go:419.49,420.12 1 1
github.com/edlitmus/halite/internal/grains/grains.go:422.3,423.10 2 1
github.com/edlitmus/halite/internal/grains/grains.go:423.10,424.12 1 0
github.com/edlitmus/halite/internal/grains/grains.go:426.3,427.74 2 1
github.com/edlitmus/halite/internal/grains/grains.go:427.74,429.4 1 1
github.com/edlitmus/halite/internal/grains/grains.go:430.3,430.32 1 1
github.com/edlitmus/halite/internal/grains/grains.go:432.2,432.12 1 1
github.com/edlitmus/halite/internal/grains/grains.go:438.38,440.16 2 0
github.com/edlitmus/halite/internal/grains/grains.go:440.16,442.3 1 0
github.com/edlitmus/halite/internal/grains/grains.go:443.2,444.45 2 0
github.com/edlitmus/halite/internal/grains/grains.go:444.45,446.3 1 0
github.com/edlitmus/halite/internal/grains/grains.go:447.2,447.10 1 0
github.com/edlitmus/halite/internal/grains/grains.go:451.42,452.28 1 1
github.com/edlitmus/halite/internal/grains/grains.go:452.28,453.25 1 1
github.com/edlitmus/halite/internal/grains/grains.go:453.25,455.4 1 1
github.com/edlitmus/halite/internal/grains/grains.go:457.2,457.16 1 1
github.com/edlitmus/halite/internal/grains/grains.go:461.40,463.69 2 1
github.com/edlitmus/halite/internal/grains/grains.go:463.69,463.100 1 1
github.com/edlitmus/halite/internal/grains/grains.go:463.102,465.17 2 1
github.com/edlitmus/halite/internal/grains/grains.go:465.17,466.9 1 1
github.com/edlitmus/halite/internal/grains/grains.go:468.3,468.23 1 1
github.com/edlitmus/halite/internal/grains/grains.go:470.2,470.12 1 1
github.com/edlitmus/halite/internal/grains/grains.go:474.27,475.24 1 1
github.com/edlitmus/halite/internal/grains/grains.go:476.15,477.18 1 1
github.com/edlitmus/halite/internal/grains/grains.go:478.13,479.16 1 0
github.com/edlitmus/halite/internal/grains/grains.go:480.15,481.19 1 0
github.com/edlitmus/halite/internal/grains/grains.go:482.13,483.18 1 0
github.com/edlitmus/halite/internal/grains/grains.go:484.10,485.24 1 0
github.com/edlitmus/halite/internal/grains/platform_bsd.go:21.39,23.16 2 1
github.com/edlitmus/halite/internal/grains/platform_bsd.go:23.16,25.3 1 1
github.com/edlitmus/halite/internal/grains/platform_bsd.go:26.2,26.39 1 1
github.com/edlitmus/halite/internal/grains/platform_bsd.go:30.35,32.16 2 1
github.com/edlitmus/halite/internal/grains/platform_bsd.go:32.16,34.3 1 0
github.com/edlitmus/halite/internal/grains/platform_bsd.go:35.2,35.10 1 1
github.com/edlitmus/halite/internal/grains/platform_bsd.go:38.30,39.22 1 1
github.com/edlitmus/halite/internal/grains/platform_bsd.go:40.16,41.21 1 0
github.com/edlitmus/halite/internal/grains/platform_bsd.go:42.10,43.18 1 1
github.com/edlitmus/halite/internal/grains/platform_bsd.go:59.33,61.9 2 1
github.com/edlitmus/halite/internal/grains/platform_bsd.go:61.9,63.3 1 0
github.com/edlitmus/halite/internal/grains/platform_bsd.go:64.2,65.19 2 1
github.com/edlitmus/halite/internal/grains/platform_bsd.go:65.19,67.3 1 0
github.com/edlitmus/halite/internal/grains/platform_bsd.go:70.2,71.50 2 1
github.com/edlitmus/halite/internal/grains/platform_bsd.go:71.50,73.3 1 1
github.com/edlitmus/halite/internal/grains/platform_bsd.go:75.2,86.35 12 1
github.com/edlitmus/halite/internal/grains/platform_bsd.go:89.36,103.2 13 0
github.com/edlitmus/halite/internal/grains/platform_bsd.go:105.33,107.16 2 0
github.com/edlitmus/halite/internal/grains/platform_bsd.go:107.16,109.3 1 0
github.com/edlitmus/halite/internal/grains/platform_bsd.go:110.2,110.39 1 0
github.com/edlitmus/halite/internal/grains/platform_bsd.go:113.36,115.16 2 1
github.com/edlitmus/halite/internal/grains/platform_bsd.go:115.16,117.3 1 0
github.com/edlitmus/halite/internal/grains/platform_bsd.go:118.2,118.39 1 1
github.com/edlitmus/halite/internal/grains/platform_bsd.go:121.34,123.18 2 1
github.com/edlitmus/halite/internal/grains/platform_bsd.go:123.18,125.3 1 0
github.com/edlitmus/halite/internal/grains/platform_bsd.go:126.2,129.40 4 1
github.com/edlitmus/halite/internal/grains/platform_bsd.go:132.31,136.12 3 1
github.com/edlitmus/halite/internal/grains/platform_bsd.go:136.12,138.3 1 0
github.com/edlitmus/halite/internal/grains/platform_bsd.go:139.2,142.17 3 1
github.com/edlitmus/halite/internal/grains/platform_bsd.go:142.17,144.3 1 0
github.com/edlitmus/halite/internal/grains/platform_bsd.go:145.2,148.73 3 1
github.com/edlitmus/halite/internal/grains/platform_bsd.go:148.73,150.3 1 0
github.com/edlitmus/halite/internal/grains/platform_bsd.go:151.2,151.36 1 1
github.com/edlitmus/halite/internal/grains/platform_bsd.go:154.34,157.16 2 1
github.com/edlitmus/halite/internal/grains/platform_bsd.go:157.16,159.3 1 0
github.com/edlitmus/halite/internal/grains/platform_bsd.go:160.2,163.39 3 1
github.com/edlitmus/halite/internal/grains/platform_bsd.go:166.36,177.2 7 1
github.com/edlitmus/halite/internal/grains/platform_bsd.go:179.42,185.64 3 1
github.com/edlitmus/halite/internal/grains/platform_bsd.go:185.64,187.3 1 0
github.com/edlitmus/halite/internal/grains/platform_bsd.go:188.2,188.49 1 1
github.com/edlitmus/halite/internal/grains/platform_bsd.go:188.49,190.3 1 0
github.com/edlitmus/halite/internal/grains/platform_bsd.go:191.2,192.18 2 1
github.com/edlitmus/halite/internal/grains/platform_bsd.go:192.18,194.3 1 0
github.com/edlitmus/halite/internal/grains/platform_bsd.go:195.2,195.76 1 1
github.com/edlitmus/halite/internal/grains/platform_bsd.go:195.76,197.3 1 0
github.com/edlitmus/halite/internal/grains/platform_bsd.go:199.2,201.24 3 1
github.com/edlitmus/halite/internal/grains/platform_bsd.go:204.36,215.2 10 1
github.com/edlitmus/halite/internal/grains/platform_bsd.go:219.38,220.31 1 1
github.com/edlitmus/halite/internal/grains/platform_bsd.go:220.31,222.3 1 0
github.com/edlitmus/halite/internal/grains/platform_bsd.go:223.2,224.16 2 1
github.com/edlitmus/halite/internal/grains/platform_bsd.go:224.16,226.3 1 0
github.com/edlitmus/halite/internal/grains/platform_bsd.go:227.2,228.13 2 1
github.com/edlitmus/halite/internal/grains/platform_bsd.go:228.13,230.3 1 0
github.com/edlitmus/halite/internal/grains/platform_bsd.go:231.2,231.10 1 1
github.com/edlitmus/halite/internal/grains/platform_bsd.go:234.24,235.30 1 1
github.com/edlitmus/halite/internal/grains/platform_bsd.go:235.30,237.3 1 0
github.com/edlitmus/halite/internal/grains/platform_bsd.go:238.2,238.53 1 1
github.com/edlitmus/halite/internal/grains/platform_bsd.go:241.26,243.66 2 1
github.com/edlitmus/halite/internal/grains/platform_bsd.go:243.66,245.3 1 1
github.com/edlitmus/halite/internal/grains/platform_bsd.go:246.2,246.21 1 1
github.com/edlitmus/halite/internal/grains/platform_bsd.go:249.26,250.30 1 1
github.com/edlitmus/halite/internal/grains/platform_bsd.go:250.30,252.3 1 0
github.com/edlitmus/halite/internal/grains/platform_bsd.go:253.2,253.15 1 1
github.com/edlitmus/halite/internal/grains/platform_bsd.go:256.33,258.2 1 1
github.com/edlitmus/halite/internal/grains/platform_bsd.go:260.46,261.25 1 1
github.com/edlitmus/halite/internal/grains/platform_bsd.go:261.25,262.14 1 1
github.com/edlitmus/halite/internal/grains/platform_bsd.go:262.14,264.4 1 1
github.com/edlitmus/halite/internal/grains/platform_bsd.go:266.2,266.11 1 0
